{"C:\\Users\\jnort\\OneDrive\\Documents\\GitHub\\EdNotes\\src\\EdNotes.RichText\\wwwroot\\editor\\ednotes.richtext.bundle.js": {"path":"C:\\Users\\jnort\\OneDrive\\Documents\\GitHub\\EdNotes\\src\\EdNotes.RichText\\wwwroot\\editor\\ednotes.richtext.bundle.js","statementMap":{"0":{"start":{"line":7,"column":18},"end":{"line":7,"column":27}},"1":{"start":{"line":8,"column":17},"end":{"line":8,"column":46}},"2":{"start":{"line":11,"column":12},"end":{"line":11,"column":53}},"3":{"start":{"line":12,"column":1},"end":{"line":12,"column":16}},"4":{"start":{"line":12,"column":9},"end":{"line":12,"column":16}},"5":{"start":{"line":13,"column":17},"end":{"line":26,"column":2}},"6":{"start":{"line":27,"column":14},"end":{"line":27,"column":16}},"7":{"start":{"line":28,"column":1},"end":{"line":41,"column":4}},"8":{"start":{"line":29,"column":12},"end":{"line":29,"column":44}},"9":{"start":{"line":30,"column":2},"end":{"line":30,"column":20}},"10":{"start":{"line":30,"column":21},"end":{"line":30,"column":45}},"11":{"start":{"line":30,"column":46},"end":{"line":30,"column":84}},"12":{"start":{"line":30,"column":85},"end":{"line":30,"column":107}},"13":{"start":{"line":30,"column":108},"end":{"line":30,"column":134}},"14":{"start":{"line":31,"column":2},"end":{"line":31,"column":60}},"15":{"start":{"line":31,"column":36},"end":{"line":31,"column":58}},"16":{"start":{"line":32,"column":2},"end":{"line":39,"column":5}},"17":{"start":{"line":33,"column":3},"end":{"line":38,"column":4}},"18":{"start":{"line":34,"column":4},"end":{"line":34,"column":23}},"19":{"start":{"line":35,"column":16},"end":{"line":35,"column":41}},"20":{"start":{"line":36,"column":14},"end":{"line":36,"column":37}},"21":{"start":{"line":36,"column":39},"end":{"line":36,"column":69}},"22":{"start":{"line":36,"column":49},"end":{"line":36,"column":69}},"23":{"start":{"line":36,"column":70},"end":{"line":36,"column":99}},"24":{"start":{"line":36,"column":93},"end":{"line":36,"column":99}},"25":{"start":{"line":37,"column":4},"end":{"line":37,"column":40}},"26":{"start":{"line":37,"column":24},"end":{"line":37,"column":38}},"27":{"start":{"line":37,"column":41},"end":{"line":37,"column":64}},"28":{"start":{"line":37,"column":65},"end":{"line":37,"column":85}},"29":{"start":{"line":40,"column":2},"end":{"line":40,"column":22}},"30":{"start":{"line":40,"column":23},"end":{"line":40,"column":40}},"31":{"start":{"line":44,"column":24},"end":{"line":72,"column":1}},"32":{"start":{"line":46,"column":2},"end":{"line":63,"column":5}},"33":{"start":{"line":47,"column":3},"end":{"line":47,"column":29}},"34":{"start":{"line":47,"column":22},"end":{"line":47,"column":29}},"35":{"start":{"line":47,"column":30},"end":{"line":47,"column":50}},"36":{"start":{"line":48,"column":14},"end":{"line":48,"column":40}},"37":{"start":{"line":49,"column":3},"end":{"line":49,"column":52}},"38":{"start":{"line":50,"column":3},"end":{"line":50,"column":44}},"39":{"start":{"line":51,"column":3},"end":{"line":51,"column":42}},"40":{"start":{"line":52,"column":3},"end":{"line":52,"column":49}},"41":{"start":{"line":53,"column":3},"end":{"line":53,"column":51}},"42":{"start":{"line":54,"column":3},"end":{"line":54,"column":51}},"43":{"start":{"line":55,"column":3},"end":{"line":55,"column":51}},"44":{"start":{"line":56,"column":3},"end":{"line":56,"column":49}},"45":{"start":{"line":57,"column":3},"end":{"line":57,"column":49}},"46":{"start":{"line":58,"column":3},"end":{"line":58,"column":56}},"47":{"start":{"line":59,"column":3},"end":{"line":59,"column":55}},"48":{"start":{"line":60,"column":3},"end":{"line":60,"column":51}},"49":{"start":{"line":61,"column":3},"end":{"line":61,"column":20}},"50":{"start":{"line":62,"column":3},"end":{"line":62,"column":21}},"51":{"start":{"line":65,"column":16},"end":{"line":65,"column":55}},"52":{"start":{"line":65,"column":38},"end":{"line":65,"column":53}},"53":{"start":{"line":66,"column":9},"end":{"line":66,"column":41}},"54":{"start":{"line":66,"column":31},"end":{"line":66,"column":39}},"55":{"start":{"line":67,"column":9},"end":{"line":67,"column":41}},"56":{"start":{"line":67,"column":31},"end":{"line":67,"column":39}},"57":{"start":{"line":68,"column":19},"end":{"line":68,"column":62}},"58":{"start":{"line":68,"column":41},"end":{"line":68,"column":60}},"59":{"start":{"line":69,"column":22},"end":{"line":69,"column":64}},"60":{"start":{"line":69,"column":44},"end":{"line":69,"column":62}},"61":{"start":{"line":75,"column":1},"end":{"line":86,"column":3}},"62":{"start":{"line":76,"column":14},"end":{"line":76,"column":37}},"63":{"start":{"line":76,"column":39},"end":{"line":76,"column":77}},"64":{"start":{"line":76,"column":70},"end":{"line":76,"column":77}},"65":{"start":{"line":77,"column":16},"end":{"line":77,"column":33}},"66":{"start":{"line":78,"column":13},"end":{"line":78,"column":33}},"67":{"start":{"line":79,"column":2},"end":{"line":79,"column":83}},"68":{"start":{"line":79,"column":60},"end":{"line":79,"column":83}},"69":{"start":{"line":80,"column":2},"end":{"line":80,"column":71}},"70":{"start":{"line":80,"column":48},"end":{"line":80,"column":71}},"71":{"start":{"line":81,"column":2},"end":{"line":81,"column":19}},"72":{"start":{"line":81,"column":12},"end":{"line":81,"column":19}},"73":{"start":{"line":82,"column":2},"end":{"line":82,"column":64}},"74":{"start":{"line":82,"column":57},"end":{"line":82,"column":64}},"75":{"start":{"line":83,"column":22},"end":{"line":83,"column":49}},"76":{"start":{"line":84,"column":2},"end":{"line":84,"column":53}},"77":{"start":{"line":85,"column":2},"end":{"line":85,"column":45}},"78":{"start":{"line":89,"column":1},"end":{"line":108,"column":3}},"79":{"start":{"line":90,"column":14},"end":{"line":90,"column":37}},"80":{"start":{"line":90,"column":39},"end":{"line":90,"column":77}},"81":{"start":{"line":90,"column":70},"end":{"line":90,"column":77}},"82":{"start":{"line":91,"column":16},"end":{"line":91,"column":33}},"83":{"start":{"line":92,"column":13},"end":{"line":92,"column":33}},"84":{"start":{"line":93,"column":2},"end":{"line":93,"column":83}},"85":{"start":{"line":93,"column":60},"end":{"line":93,"column":83}},"86":{"start":{"line":94,"column":2},"end":{"line":94,"column":71}},"87":{"start":{"line":94,"column":48},"end":{"line":94,"column":71}},"88":{"start":{"line":95,"column":2},"end":{"line":95,"column":19}},"89":{"start":{"line":95,"column":12},"end":{"line":95,"column":19}},"90":{"start":{"line":96,"column":14},"end":{"line":96,"column":60}},"91":{"start":{"line":97,"column":2},"end":{"line":107,"column":3}},"92":{"start":{"line":98,"column":16},"end":{"line":98,"column":49}},"93":{"start":{"line":99,"column":3},"end":{"line":101,"column":6}},"94":{"start":{"line":100,"column":12},"end":{"line":100,"column":39}},"95":{"start":{"line":100,"column":41},"end":{"line":100,"column":80}},"96":{"start":{"line":100,"column":81},"end":{"line":100,"column":101}},"97":{"start":{"line":102,"column":3},"end":{"line":102,"column":39}},"98":{"start":{"line":104,"column":16},"end":{"line":104,"column":47}},"99":{"start":{"line":105,"column":14},"end":{"line":105,"column":42}},"100":{"start":{"line":105,"column":44},"end":{"line":105,"column":86}},"101":{"start":{"line":105,"column":87},"end":{"line":105,"column":108}},"102":{"start":{"line":106,"column":3},"end":{"line":106,"column":39}},"103":{"start":{"line":111,"column":1},"end":{"line":122,"column":3}},"104":{"start":{"line":112,"column":14},"end":{"line":112,"column":37}},"105":{"start":{"line":112,"column":39},"end":{"line":112,"column":77}},"106":{"start":{"line":112,"column":70},"end":{"line":112,"column":77}},"107":{"start":{"line":113,"column":14},"end":{"line":113,"column":165}},"108":{"start":{"line":114,"column":2},"end":{"line":114,"column":18}},"109":{"start":{"line":114,"column":11},"end":{"line":114,"column":18}},"110":{"start":{"line":115,"column":10},"end":{"line":115,"column":37}},"111":{"start":{"line":115,"column":39},"end":{"line":115,"column":50}},"112":{"start":{"line":115,"column":51},"end":{"line":115,"column":72}},"113":{"start":{"line":116,"column":16},"end":{"line":116,"column":33}},"114":{"start":{"line":117,"column":2},"end":{"line":120,"column":3}},"115":{"start":{"line":117,"column":23},"end":{"line":117,"column":41}},"116":{"start":{"line":117,"column":42},"end":{"line":117,"column":62}},"117":{"start":{"line":117,"column":63},"end":{"line":117,"column":100}},"118":{"start":{"line":119,"column":13},"end":{"line":119,"column":36}},"119":{"start":{"line":119,"column":38},"end":{"line":119,"column":57}},"120":{"start":{"line":119,"column":58},"end":{"line":119,"column":78}},"121":{"start":{"line":121,"column":2},"end":{"line":121,"column":22}},"122":{"start":{"line":125,"column":1},"end":{"line":133,"column":3}},"123":{"start":{"line":126,"column":14},"end":{"line":126,"column":37}},"124":{"start":{"line":126,"column":39},"end":{"line":126,"column":77}},"125":{"start":{"line":126,"column":70},"end":{"line":126,"column":77}},"126":{"start":{"line":127,"column":13},"end":{"line":127,"column":44}},"127":{"start":{"line":128,"column":2},"end":{"line":128,"column":111}},"128":{"start":{"line":128,"column":90},"end":{"line":128,"column":111}},"129":{"start":{"line":129,"column":2},"end":{"line":132,"column":3}},"130":{"start":{"line":130,"column":16},"end":{"line":130,"column":31}},"131":{"start":{"line":130,"column":33},"end":{"line":130,"column":99}},"132":{"start":{"line":130,"column":56},"end":{"line":130,"column":99}},"133":{"start":{"line":130,"column":100},"end":{"line":130,"column":114}},"134":{"start":{"line":131,"column":3},"end":{"line":131,"column":50}},"135":{"start":{"line":136,"column":1},"end":{"line":149,"column":3}},"136":{"start":{"line":137,"column":12},"end":{"line":137,"column":35}},"137":{"start":{"line":137,"column":37},"end":{"line":137,"column":73}},"138":{"start":{"line":137,"column":66},"end":{"line":137,"column":73}},"139":{"start":{"line":138,"column":11},"end":{"line":138,"column":25}},"140":{"start":{"line":138,"column":27},"end":{"line":138,"column":102}},"141":{"start":{"line":138,"column":81},"end":{"line":138,"column":102}},"142":{"start":{"line":139,"column":2},"end":{"line":139,"column":69}},"143":{"start":{"line":139,"column":48},"end":{"line":139,"column":69}},"144":{"start":{"line":140,"column":2},"end":{"line":140,"column":19}},"145":{"start":{"line":140,"column":12},"end":{"line":140,"column":19}},"146":{"start":{"line":141,"column":12},"end":{"line":141,"column":54}},"147":{"start":{"line":142,"column":2},"end":{"line":148,"column":3}},"148":{"start":{"line":143,"column":3},"end":{"line":143,"column":37}},"149":{"start":{"line":143,"column":38},"end":{"line":143,"column":115}},"150":{"start":{"line":143,"column":79},"end":{"line":143,"column":113}},"151":{"start":{"line":144,"column":9},"end":{"line":148,"column":3}},"152":{"start":{"line":144,"column":26},"end":{"line":144,"column":64}},"153":{"start":{"line":144,"column":65},"end":{"line":144,"column":188}},"154":{"start":{"line":144,"column":107},"end":{"line":144,"column":184}},"155":{"start":{"line":144,"column":144},"end":{"line":144,"column":184}},"156":{"start":{"line":146,"column":12},"end":{"line":146,"column":40}},"157":{"start":{"line":146,"column":42},"end":{"line":146,"column":78}},"158":{"start":{"line":147,"column":12},"end":{"line":147,"column":40}},"159":{"start":{"line":147,"column":42},"end":{"line":147,"column":82}},"160":{"start":{"line":147,"column":83},"end":{"line":147,"column":123}},"161":{"start":{"line":147,"column":124},"end":{"line":147,"column":143}},"162":{"start":{"line":147,"column":144},"end":{"line":147,"column":177}},"163":{"start":{"line":151,"column":0},"end":{"line":151,"column":60}},"164":{"start":{"line":151,"column":33},"end":{"line":151,"column":60}}},"fnMap":{"0":{"name":"_all","decl":{"start":{"line":8,"column":9},"end":{"line":8,"column":13}},"loc":{"start":{"line":8,"column":15},"end":{"line":8,"column":48}},"line":8},"1":{"name":"mountToolbar","decl":{"start":{"line":10,"column":9},"end":{"line":10,"column":21}},"loc":{"start":{"line":10,"column":29},"end":{"line":42,"column":1}},"line":10},"2":{"name":"(anonymous_2)","decl":{"start":{"line":28,"column":17},"end":{"line":28,"column":18}},"loc":{"start":{"line":28,"column":24},"end":{"line":41,"column":2}},"line":28},"3":{"name":"(anonymous_3)","decl":{"start":{"line":31,"column":31},"end":{"line":31,"column":32}},"loc":{"start":{"line":31,"column":36},"end":{"line":31,"column":58}},"line":31},"4":{"name":"(anonymous_4)","decl":{"start":{"line":32,"column":34},"end":{"line":32,"column":35}},"loc":{"start":{"line":32,"column":37},"end":{"line":39,"column":3}},"line":32},"5":{"name":"(anonymous_5)","decl":{"start":{"line":37,"column":19},"end":{"line":37,"column":20}},"loc":{"start":{"line":37,"column":24},"end":{"line":37,"column":38}},"line":37},"6":{"name":"(anonymous_6)","decl":{"start":{"line":45,"column":1},"end":{"line":45,"column":2}},"loc":{"start":{"line":45,"column":29},"end":{"line":64,"column":2}},"line":45},"7":{"name":"(anonymous_7)","decl":{"start":{"line":46,"column":46},"end":{"line":46,"column":47}},"loc":{"start":{"line":46,"column":49},"end":{"line":63,"column":3}},"line":46},"8":{"name":"(anonymous_8)","decl":{"start":{"line":65,"column":1},"end":{"line":65,"column":2}},"loc":{"start":{"line":65,"column":14},"end":{"line":65,"column":57}},"line":65},"9":{"name":"(anonymous_9)","decl":{"start":{"line":65,"column":34},"end":{"line":65,"column":35}},"loc":{"start":{"line":65,"column":38},"end":{"line":65,"column":53}},"line":65},"10":{"name":"(anonymous_10)","decl":{"start":{"line":66,"column":1},"end":{"line":66,"column":2}},"loc":{"start":{"line":66,"column":7},"end":{"line":66,"column":43}},"line":66},"11":{"name":"(anonymous_11)","decl":{"start":{"line":66,"column":27},"end":{"line":66,"column":28}},"loc":{"start":{"line":66,"column":31},"end":{"line":66,"column":39}},"line":66},"12":{"name":"(anonymous_12)","decl":{"start":{"line":67,"column":1},"end":{"line":67,"column":2}},"loc":{"start":{"line":67,"column":7},"end":{"line":67,"column":43}},"line":67},"13":{"name":"(anonymous_13)","decl":{"start":{"line":67,"column":27},"end":{"line":67,"column":28}},"loc":{"start":{"line":67,"column":31},"end":{"line":67,"column":39}},"line":67},"14":{"name":"(anonymous_14)","decl":{"start":{"line":68,"column":1},"end":{"line":68,"column":2}},"loc":{"start":{"line":68,"column":17},"end":{"line":68,"column":64}},"line":68},"15":{"name":"(anonymous_15)","decl":{"start":{"line":68,"column":37},"end":{"line":68,"column":38}},"loc":{"start":{"line":68,"column":41},"end":{"line":68,"column":60}},"line":68},"16":{"name":"(anonymous_16)","decl":{"start":{"line":69,"column":1},"end":{"line":69,"column":2}},"loc":{"start":{"line":69,"column":20},"end":{"line":69,"column":66}},"line":69},"17":{"name":"(anonymous_17)","decl":{"start":{"line":69,"column":40},"end":{"line":69,"column":41}},"loc":{"start":{"line":69,"column":44},"end":{"line":69,"column":62}},"line":69},"18":{"name":"blockCommand","decl":{"start":{"line":74,"column":9},"end":{"line":74,"column":21}},"loc":{"start":{"line":74,"column":26},"end":{"line":87,"column":1}},"line":74},"19":{"name":"(anonymous_19)","decl":{"start":{"line":75,"column":8},"end":{"line":75,"column":9}},"loc":{"start":{"line":75,"column":14},"end":{"line":86,"column":2}},"line":75},"20":{"name":"listCommand","decl":{"start":{"line":88,"column":9},"end":{"line":88,"column":20}},"loc":{"start":{"line":88,"column":29},"end":{"line":109,"column":1}},"line":88},"21":{"name":"(anonymous_21)","decl":{"start":{"line":89,"column":8},"end":{"line":89,"column":9}},"loc":{"start":{"line":89,"column":14},"end":{"line":108,"column":2}},"line":89},"22":{"name":"(anonymous_22)","decl":{"start":{"line":99,"column":51},"end":{"line":99,"column":52}},"loc":{"start":{"line":99,"column":55},"end":{"line":101,"column":4}},"line":99},"23":{"name":"linkAddCommand","decl":{"start":{"line":110,"column":9},"end":{"line":110,"column":23}},"loc":{"start":{"line":110,"column":32},"end":{"line":123,"column":1}},"line":110},"24":{"name":"(anonymous_24)","decl":{"start":{"line":111,"column":8},"end":{"line":111,"column":9}},"loc":{"start":{"line":111,"column":14},"end":{"line":122,"column":2}},"line":111},"25":{"name":"linkRemoveCommand","decl":{"start":{"line":124,"column":9},"end":{"line":124,"column":26}},"loc":{"start":{"line":124,"column":28},"end":{"line":134,"column":1}},"line":124},"26":{"name":"(anonymous_26)","decl":{"start":{"line":125,"column":8},"end":{"line":125,"column":9}},"loc":{"start":{"line":125,"column":14},"end":{"line":133,"column":2}},"line":125},"27":{"name":"(anonymous_27)","decl":{"start":{"line":131,"column":19},"end":{"line":131,"column":20}},"loc":{"start":{"line":131,"column":23},"end":{"line":131,"column":25}},"line":131},"28":{"name":"taskListCommand","decl":{"start":{"line":135,"column":9},"end":{"line":135,"column":24}},"loc":{"start":{"line":135,"column":26},"end":{"line":150,"column":1}},"line":135},"29":{"name":"(anonymous_29)","decl":{"start":{"line":136,"column":8},"end":{"line":136,"column":9}},"loc":{"start":{"line":136,"column":14},"end":{"line":149,"column":2}},"line":136},"30":{"name":"(anonymous_30)","decl":{"start":{"line":143,"column":74},"end":{"line":143,"column":75}},"loc":{"start":{"line":143,"column":79},"end":{"line":143,"column":113}},"line":143},"31":{"name":"(anonymous_31)","decl":{"start":{"line":144,"column":101},"end":{"line":144,"column":102}},"loc":{"start":{"line":144,"column":105},"end":{"line":144,"column":186}},"line":144}},"branchMap":{"0":{"loc":{"start":{"line":12,"column":1},"end":{"line":12,"column":16}},"type":"if","locations":[{"start":{"line":12,"column":1},"end":{"line":12,"column":16}},{"start":{},"end":{}}],"line":12},"1":{"loc":{"start":{"line":30,"column":123},"end":{"line":30,"column":133}},"type":"cond-expr","locations":[{"start":{"line":30,"column":129},"end":{"line":30,"column":130}},{"start":{"line":30,"column":131},"end":{"line":30,"column":133}}],"line":30},"2":{"loc":{"start":{"line":33,"column":3},"end":{"line":38,"column":4}},"type":"if","locations":[{"start":{"line":33,"column":3},"end":{"line":38,"column":4}},{"start":{},"end":{}}],"line":33},"3":{"loc":{"start":{"line":33,"column":6},"end":{"line":33,"column":47}},"type":"binary-expr","locations":[{"start":{"line":33,"column":6},"end":{"line":33,"column":26}},{"start":{"line":33,"column":28},"end":{"line":33,"column":47}}],"line":33},"4":{"loc":{"start":{"line":35,"column":16},"end":{"line":35,"column":41}},"type":"cond-expr","locations":[{"start":{"line":35,"column":37},"end":{"line":35,"column":38}},{"start":{"line":35,"column":39},"end":{"line":35,"column":41}}],"line":35},"5":{"loc":{"start":{"line":36,"column":39},"end":{"line":36,"column":69}},"type":"if","locations":[{"start":{"line":36,"column":39},"end":{"line":36,"column":69}},{"start":{},"end":{}}],"line":36},"6":{"loc":{"start":{"line":36,"column":70},"end":{"line":36,"column":99}},"type":"if","locations":[{"start":{"line":36,"column":70},"end":{"line":36,"column":99}},{"start":{},"end":{}}],"line":36},"7":{"loc":{"start":{"line":45,"column":18},"end":{"line":45,"column":28}},"type":"default-arg","locations":[{"start":{"line":45,"column":26},"end":{"line":45,"column":28}}],"line":45},"8":{"loc":{"start":{"line":47,"column":3},"end":{"line":47,"column":29}},"type":"if","locations":[{"start":{"line":47,"column":3},"end":{"line":47,"column":29}},{"start":{},"end":{}}],"line":47},"9":{"loc":{"start":{"line":76,"column":39},"end":{"line":76,"column":77}},"type":"if","locations":[{"start":{"line":76,"column":39},"end":{"line":76,"column":77}},{"start":{},"end":{}}],"line":76},"10":{"loc":{"start":{"line":76,"column":42},"end":{"line":76,"column":68}},"type":"binary-expr","locations":[{"start":{"line":76,"column":42},"end":{"line":76,"column":46}},{"start":{"line":76,"column":50},"end":{"line":76,"column":68}}],"line":76},"11":{"loc":{"start":{"line":79,"column":8},"end":{"line":79,"column":58}},"type":"binary-expr","locations":[{"start":{"line":79,"column":8},"end":{"line":79,"column":12}},{"start":{"line":79,"column":16},"end":{"line":79,"column":35}},{"start":{"line":79,"column":39},"end":{"line":79,"column":58}}],"line":79},"12":{"loc":{"start":{"line":80,"column":8},"end":{"line":80,"column":46}},"type":"binary-expr","locations":[{"start":{"line":80,"column":8},"end":{"line":80,"column":12}},{"start":{"line":80,"column":16},"end":{"line":80,"column":46}}],"line":80},"13":{"loc":{"start":{"line":81,"column":2},"end":{"line":81,"column":19}},"type":"if","locations":[{"start":{"line":81,"column":2},"end":{"line":81,"column":19}},{"start":{},"end":{}}],"line":81},"14":{"loc":{"start":{"line":82,"column":2},"end":{"line":82,"column":64}},"type":"if","locations":[{"start":{"line":82,"column":2},"end":{"line":82,"column":64}},{"start":{},"end":{}}],"line":82},"15":{"loc":{"start":{"line":82,"column":5},"end":{"line":82,"column":55}},"type":"binary-expr","locations":[{"start":{"line":82,"column":5},"end":{"line":82,"column":17}},{"start":{"line":82,"column":21},"end":{"line":82,"column":55}}],"line":82},"16":{"loc":{"start":{"line":84,"column":26},"end":{"line":84,"column":52}},"type":"binary-expr","locations":[{"start":{"line":84,"column":26},"end":{"line":84,"column":40}},{"start":{"line":84,"column":44},"end":{"line":84,"column":52}}],"line":84},"17":{"loc":{"start":{"line":90,"column":39},"end":{"line":90,"column":77}},"type":"if","locations":[{"start":{"line":90,"column":39},"end":{"line":90,"column":77}},{"start":{},"end":{}}],"line":90},"18":{"loc":{"start":{"line":90,"column":42},"end":{"line":90,"column":68}},"type":"binary-expr","locations":[{"start":{"line":90,"column":42},"end":{"line":90,"column":46}},{"start":{"line":90,"column":50},"end":{"line":90,"column":68}}],"line":90},"19":{"loc":{"start":{"line":93,"column":8},"end":{"line":93,"column":58}},"type":"binary-expr","locations":[{"start":{"line":93,"column":8},"end":{"line":93,"column":12}},{"start":{"line":93,"column":16},"end":{"line":93,"column":35}},{"start":{"line":93,"column":39},"end":{"line":93,"column":58}}],"line":93},"20":{"loc":{"start":{"line":94,"column":8},"end":{"line":94,"column":46}},"type":"binary-expr","locations":[{"start":{"line":94,"column":8},"end":{"line":94,"column":12}},{"start":{"line":94,"column":16},"end":{"line":94,"column":46}}],"line":94},"21":{"loc":{"start":{"line":95,"column":2},"end":{"line":95,"column":19}},"type":"if","locations":[{"start":{"line":95,"column":2},"end":{"line":95,"column":19}},{"start":{},"end":{}}],"line":95},"22":{"loc":{"start":{"line":96,"column":14},"end":{"line":96,"column":60}},"type":"cond-expr","locations":[{"start":{"line":96,"column":29},"end":{"line":96,"column":55}},{"start":{"line":96,"column":58},"end":{"line":96,"column":60}}],"line":96},"23":{"loc":{"start":{"line":97,"column":2},"end":{"line":107,"column":3}},"type":"if","locations":[{"start":{"line":97,"column":2},"end":{"line":107,"column":3}},{"start":{"line":103,"column":9},"end":{"line":107,"column":3}}],"line":97},"24":{"loc":{"start":{"line":97,"column":5},"end":{"line":97,"column":33}},"type":"binary-expr","locations":[{"start":{"line":97,"column":5},"end":{"line":97,"column":17}},{"start":{"line":97,"column":21},"end":{"line":97,"column":33}}],"line":97},"25":{"loc":{"start":{"line":100,"column":55},"end":{"line":100,"column":79}},"type":"binary-expr","locations":[{"start":{"line":100,"column":55},"end":{"line":100,"column":67}},{"start":{"line":100,"column":71},"end":{"line":100,"column":79}}],"line":100},"26":{"loc":{"start":{"line":105,"column":59},"end":{"line":105,"column":85}},"type":"binary-expr","locations":[{"start":{"line":105,"column":59},"end":{"line":105,"column":73}},{"start":{"line":105,"column":77},"end":{"line":105,"column":85}}],"line":105},"27":{"loc":{"start":{"line":112,"column":39},"end":{"line":112,"column":77}},"type":"if","locations":[{"start":{"line":112,"column":39},"end":{"line":112,"column":77}},{"start":{},"end":{}}],"line":112},"28":{"loc":{"start":{"line":112,"column":42},"end":{"line":112,"column":68}},"type":"binary-expr","locations":[{"start":{"line":112,"column":42},"end":{"line":112,"column":46}},{"start":{"line":112,"column":50},"end":{"line":112,"column":68}}],"line":112},"29":{"loc":{"start":{"line":113,"column":14},"end":{"line":113,"column":165}},"type":"cond-expr","locations":[{"start":{"line":113,"column":47},"end":{"line":113,"column":67}},{"start":{"line":113,"column":71},"end":{"line":113,"column":164}}],"line":113},"30":{"loc":{"start":{"line":113,"column":15},"end":{"line":113,"column":44}},"type":"binary-expr","locations":[{"start":{"line":113,"column":15},"end":{"line":113,"column":22}},{"start":{"line":113,"column":26},"end":{"line":113,"column":44}}],"line":113},"31":{"loc":{"start":{"line":113,"column":71},"end":{"line":113,"column":164}},"type":"cond-expr","locations":[{"start":{"line":113,"column":106},"end":{"line":113,"column":157}},{"start":{"line":113,"column":160},"end":{"line":113,"column":164}}],"line":113},"32":{"loc":{"start":{"line":114,"column":2},"end":{"line":114,"column":18}},"type":"if","locations":[{"start":{"line":114,"column":2},"end":{"line":114,"column":18}},{"start":{},"end":{}}],"line":114},"33":{"loc":{"start":{"line":117,"column":2},"end":{"line":120,"column":3}},"type":"if","locations":[{"start":{"line":117,"column":2},"end":{"line":120,"column":3}},{"start":{"line":118,"column":7},"end":{"line":120,"column":3}}],"line":117},"34":{"loc":{"start":{"line":126,"column":39},"end":{"line":126,"column":77}},"type":"if","locations":[{"start":{"line":126,"column":39},"end":{"line":126,"column":77}},{"start":{},"end":{}}],"line":126},"35":{"loc":{"start":{"line":126,"column":42},"end":{"line":126,"column":68}},"type":"binary-expr","locations":[{"start":{"line":126,"column":42},"end":{"line":126,"column":46}},{"start":{"line":126,"column":50},"end":{"line":126,"column":68}}],"line":126},"36":{"loc":{"start":{"line":127,"column":13},"end":{"line":127,"column":44}},"type":"binary-expr","locations":[{"start":{"line":127,"column":13},"end":{"line":127,"column":27}},{"start":{"line":127,"column":31},"end":{"line":127,"column":44}}],"line":127},"37":{"loc":{"start":{"line":128,"column":8},"end":{"line":128,"column":88}},"type":"binary-expr","locations":[{"start":{"line":128,"column":8},"end":{"line":128,"column":12}},{"start":{"line":128,"column":16},"end":{"line":128,"column":33}},{"start":{"line":128,"column":38},"end":{"line":128,"column":51}},{"start":{"line":128,"column":55},"end":{"line":128,"column":87}}],"line":128},"38":{"loc":{"start":{"line":129,"column":2},"end":{"line":132,"column":3}},"type":"if","locations":[{"start":{"line":129,"column":2},"end":{"line":132,"column":3}},{"start":{},"end":{}}],"line":129},"39":{"loc":{"start":{"line":129,"column":5},"end":{"line":129,"column":61}},"type":"binary-expr","locations":[{"start":{"line":129,"column":5},"end":{"line":129,"column":9}},{"start":{"line":129,"column":13},"end":{"line":129,"column":25}},{"start":{"line":129,"column":29},"end":{"line":129,"column":61}}],"line":129},"40":{"loc":{"start":{"line":137,"column":37},"end":{"line":137,"column":73}},"type":"if","locations":[{"start":{"line":137,"column":37},"end":{"line":137,"column":73}},{"start":{},"end":{}}],"line":137},"41":{"loc":{"start":{"line":137,"column":40},"end":{"line":137,"column":64}},"type":"binary-expr","locations":[{"start":{"line":137,"column":40},"end":{"line":137,"column":44}},{"start":{"line":137,"column":46},"end":{"line":137,"column":64}}],"line":137},"42":{"loc":{"start":{"line":138,"column":33},"end":{"line":138,"column":79}},"type":"binary-expr","locations":[{"start":{"line":138,"column":33},"end":{"line":138,"column":37}},{"start":{"line":138,"column":41},"end":{"line":138,"column":58}},{"start":{"line":138,"column":62},"end":{"line":138,"column":79}}],"line":138},"43":{"loc":{"start":{"line":139,"column":8},"end":{"line":139,"column":46}},"type":"binary-expr","locations":[{"start":{"line":139,"column":8},"end":{"line":139,"column":12}},{"start":{"line":139,"column":16},"end":{"line":139,"column":46}}],"line":139},"44":{"loc":{"start":{"line":140,"column":2},"end":{"line":140,"column":19}},"type":"if","locations":[{"start":{"line":140,"column":2},"end":{"line":140,"column":19}},{"start":{},"end":{}}],"line":140},"45":{"loc":{"start":{"line":141,"column":12},"end":{"line":141,"column":54}},"type":"cond-expr","locations":[{"start":{"line":141,"column":25},"end":{"line":141,"column":51}},{"start":{"line":141,"column":52},"end":{"line":141,"column":54}}],"line":141},"46":{"loc":{"start":{"line":142,"column":2},"end":{"line":148,"column":3}},"type":"if","locations":[{"start":{"line":142,"column":2},"end":{"line":148,"column":3}},{"start":{"line":144,"column":9},"end":{"line":148,"column":3}}],"line":142},"47":{"loc":{"start":{"line":142,"column":5},"end":{"line":142,"column":58}},"type":"binary-expr","locations":[{"start":{"line":142,"column":5},"end":{"line":142,"column":15}},{"start":{"line":142,"column":19},"end":{"line":142,"column":58}}],"line":142},"48":{"loc":{"start":{"line":144,"column":9},"end":{"line":148,"column":3}},"type":"if","locations":[{"start":{"line":144,"column":9},"end":{"line":148,"column":3}},{"start":{"line":145,"column":7},"end":{"line":148,"column":3}}],"line":144},"49":{"loc":{"start":{"line":144,"column":107},"end":{"line":144,"column":184}},"type":"if","locations":[{"start":{"line":144,"column":107},"end":{"line":144,"column":184}},{"start":{},"end":{}}],"line":144},"50":{"loc":{"start":{"line":147,"column":96},"end":{"line":147,"column":122}},"type":"binary-expr","locations":[{"start":{"line":147,"column":96},"end":{"line":147,"column":110}},{"start":{"line":147,"column":114},"end":{"line":147,"column":122}}],"line":147},"51":{"loc":{"start":{"line":151,"column":0},"end":{"line":151,"column":60}},"type":"if","locations":[{"start":{"line":151,"column":0},"end":{"line":151,"column":60}},{"start":{},"end":{}}],"line":151}},"s":{"0":8,"1":6,"2":8,"3":8,"4":0,"5":8,"6":8,"7":8,"8":96,"9":96,"10":96,"11":96,"12":96,"13":96,"14":96,"15":6,"16":96,"17":0,"18":0,"19":0,"20":0,"21":0,"22":0,"23":0,"24":0,"25":0,"26":0,"27":0,"28":0,"29":96,"30":96,"31":8,"32":8,"33":8,"34":0,"35":8,"36":8,"37":8,"38":8,"39":8,"40":8,"41":8,"42":8,"43":8,"44":8,"45":8,"46":8,"47":8,"48":8,"49":8,"50":8,"51":12,"52":12,"53":0,"54":0,"55":0,"56":0,"57":0,"58":0,"59":0,"60":0,"61":32,"62":2,"63":2,"64":0,"65":2,"66":2,"67":2,"68":2,"69":2,"70":0,"71":2,"72":0,"73":2,"74":0,"75":2,"76":2,"77":2,"78":16,"79":1,"80":1,"81":0,"82":1,"83":1,"84":1,"85":1,"86":1,"87":0,"88":1,"89":0,"90":1,"91":1,"92":0,"93":0,"94":0,"95":0,"96":0,"97":0,"98":1,"99":1,"100":1,"101":1,"102":1,"103":8,"104":1,"105":1,"106":0,"107":1,"108":1,"109":0,"110":1,"111":1,"112":1,"113":1,"114":1,"115":0,"116":0,"117":0,"118":1,"119":1,"120":1,"121":1,"122":8,"123":1,"124":1,"125":0,"126":1,"127":1,"128":1,"129":1,"130":1,"131":1,"132":1,"133":1,"134":1,"135":8,"136":1,"137":1,"138":0,"139":1,"140":1,"141":1,"142":1,"143":0,"144":1,"145":0,"146":1,"147":1,"148":0,"149":0,"150":0,"151":1,"152":0,"153":0,"154":0,"155":0,"156":1,"157":1,"158":1,"159":1,"160":1,"161":1,"162":1,"163":8,"164":8},"f":{"0":6,"1":8,"2":96,"3":6,"4":0,"5":0,"6":8,"7":8,"8":12,"9":12,"10":0,"11":0,"12":0,"13":0,"14":0,"15":0,"16":0,"17":0,"18":32,"19":2,"20":16,"21":1,"22":0,"23":8,"24":1,"25":8,"26":1,"27":1,"28":8,"29":1,"30":0,"31":0},"b":{"0":[0,8],"1":[8,88],"2":[0,0],"3":[0,0],"4":[0,0],"5":[0,0],"6":[0,0],"7":[6],"8":[0,8],"9":[0,2],"10":[2,2],"11":[4,4,4],"12":[2,2],"13":[0,2],"14":[0,2],"15":[2,2],"16":[2,0],"17":[0,1],"18":[1,1],"19":[2,2,2],"20":[1,1],"21":[0,1],"22":[1,0],"23":[0,1],"24":[1,1],"25":[0,0],"26":[1,0],"27":[0,1],"28":[1,1],"29":[1,0],"30":[1,1],"31":[0,0],"32":[0,1],"33":[0,1],"34":[0,1],"35":[1,1],"36":[1,0],"37":[2,2,2,1],"38":[1,0],"39":[1,1,1],"40":[0,1],"41":[1,1],"42":[2,2,2],"43":[1,1],"44":[0,1],"45":[1,0],"46":[0,1],"47":[1,0],"48":[0,1],"49":[0,0],"50":[1,0],"51":[8,0]},"_coverageSchema":"1a1c01bbd47fc00a2c39e90264f33305004495a9","hash":"5db4577de2bfa8bc145ed745233ef8f490ed561c"}
,"C:\\Users\\jnort\\OneDrive\\Documents\\GitHub\\EdNotes\\src\\EdNotes.RichText\\wwwroot\\editor\\yourorg.richtext.bundle.js": {"path":"C:\\Users\\jnort\\OneDrive\\Documents\\GitHub\\EdNotes\\src\\EdNotes.RichText\\wwwroot\\editor\\yourorg.richtext.bundle.js","statementMap":{"0":{"start":{"line":5,"column":18},"end":{"line":5,"column":27}},"1":{"start":{"line":6,"column":17},"end":{"line":6,"column":46}},"2":{"start":{"line":9,"column":13},"end":{"line":9,"column":54}},"3":{"start":{"line":10,"column":18},"end":{"line":23,"column":3}},"4":{"start":{"line":24,"column":15},"end":{"line":24,"column":17}},"5":{"start":{"line":25,"column":2},"end":{"line":38,"column":5}},"6":{"start":{"line":26,"column":14},"end":{"line":26,"column":46}},"7":{"start":{"line":27,"column":4},"end":{"line":27,"column":22}},"8":{"start":{"line":27,"column":23},"end":{"line":27,"column":47}},"9":{"start":{"line":27,"column":48},"end":{"line":27,"column":86}},"10":{"start":{"line":27,"column":87},"end":{"line":27,"column":109}},"11":{"start":{"line":27,"column":110},"end":{"line":27,"column":136}},"12":{"start":{"line":28,"column":4},"end":{"line":28,"column":62}},"13":{"start":{"line":28,"column":38},"end":{"line":28,"column":60}},"14":{"start":{"line":29,"column":4},"end":{"line":36,"column":7}},"15":{"start":{"line":30,"column":6},"end":{"line":35,"column":7}},"16":{"start":{"line":31,"column":8},"end":{"line":31,"column":27}},"17":{"start":{"line":32,"column":20},"end":{"line":32,"column":45}},"18":{"start":{"line":33,"column":18},"end":{"line":33,"column":41}},"19":{"start":{"line":33,"column":43},"end":{"line":33,"column":73}},"20":{"start":{"line":33,"column":53},"end":{"line":33,"column":73}},"21":{"start":{"line":33,"column":74},"end":{"line":33,"column":103}},"22":{"start":{"line":33,"column":97},"end":{"line":33,"column":103}},"23":{"start":{"line":34,"column":8},"end":{"line":34,"column":44}},"24":{"start":{"line":34,"column":28},"end":{"line":34,"column":42}},"25":{"start":{"line":34,"column":45},"end":{"line":34,"column":68}},"26":{"start":{"line":34,"column":69},"end":{"line":34,"column":89}},"27":{"start":{"line":37,"column":4},"end":{"line":37,"column":24}},"28":{"start":{"line":37,"column":25},"end":{"line":37,"column":42}},"29":{"start":{"line":40,"column":18},"end":{"line":55,"column":3}},"30":{"start":{"line":41,"column":16},"end":{"line":41,"column":39}},"31":{"start":{"line":41,"column":41},"end":{"line":41,"column":79}},"32":{"start":{"line":41,"column":72},"end":{"line":41,"column":79}},"33":{"start":{"line":42,"column":17},"end":{"line":42,"column":124}},"34":{"start":{"line":43,"column":4},"end":{"line":43,"column":58}},"35":{"start":{"line":43,"column":23},"end":{"line":43,"column":56}},"36":{"start":{"line":44,"column":4},"end":{"line":54,"column":5}},"37":{"start":{"line":45,"column":17},"end":{"line":45,"column":19}},"38":{"start":{"line":45,"column":27},"end":{"line":45,"column":31}},"39":{"start":{"line":45,"column":33},"end":{"line":45,"column":115}},"40":{"start":{"line":45,"column":65},"end":{"line":45,"column":97}},"41":{"start":{"line":45,"column":84},"end":{"line":45,"column":97}},"42":{"start":{"line":45,"column":98},"end":{"line":45,"column":113}},"43":{"start":{"line":46,"column":6},"end":{"line":53,"column":9}},"44":{"start":{"line":47,"column":18},"end":{"line":47,"column":56}},"45":{"start":{"line":48,"column":8},"end":{"line":52,"column":11}},"46":{"start":{"line":49,"column":10},"end":{"line":49,"column":149}},"47":{"start":{"line":49,"column":109},"end":{"line":49,"column":149}},"48":{"start":{"line":50,"column":10},"end":{"line":50,"column":151}},"49":{"start":{"line":50,"column":111},"end":{"line":50,"column":151}},"50":{"start":{"line":51,"column":10},"end":{"line":51,"column":113}},"51":{"start":{"line":51,"column":73},"end":{"line":51,"column":113}},"52":{"start":{"line":56,"column":2},"end":{"line":56,"column":52}},"53":{"start":{"line":57,"column":2},"end":{"line":57,"column":54}},"54":{"start":{"line":60,"column":24},"end":{"line":90,"column":1}},"55":{"start":{"line":62,"column":4},"end":{"line":81,"column":7}},"56":{"start":{"line":63,"column":6},"end":{"line":63,"column":32}},"57":{"start":{"line":63,"column":25},"end":{"line":63,"column":32}},"58":{"start":{"line":63,"column":33},"end":{"line":63,"column":53}},"59":{"start":{"line":64,"column":17},"end":{"line":64,"column":43}},"60":{"start":{"line":66,"column":6},"end":{"line":66,"column":55}},"61":{"start":{"line":67,"column":6},"end":{"line":67,"column":47}},"62":{"start":{"line":68,"column":6},"end":{"line":68,"column":45}},"63":{"start":{"line":70,"column":2},"end":{"line":70,"column":48}},"64":{"start":{"line":71,"column":2},"end":{"line":71,"column":50}},"65":{"start":{"line":72,"column":2},"end":{"line":72,"column":50}},"66":{"start":{"line":73,"column":2},"end":{"line":73,"column":50}},"67":{"start":{"line":74,"column":2},"end":{"line":74,"column":48}},"68":{"start":{"line":75,"column":4},"end":{"line":75,"column":50}},"69":{"start":{"line":76,"column":4},"end":{"line":76,"column":57}},"70":{"start":{"line":77,"column":4},"end":{"line":77,"column":56}},"71":{"start":{"line":78,"column":4},"end":{"line":78,"column":52}},"72":{"start":{"line":79,"column":2},"end":{"line":79,"column":19}},"73":{"start":{"line":80,"column":6},"end":{"line":80,"column":24}},"74":{"start":{"line":83,"column":17},"end":{"line":83,"column":56}},"75":{"start":{"line":83,"column":39},"end":{"line":83,"column":54}},"76":{"start":{"line":84,"column":10},"end":{"line":84,"column":42}},"77":{"start":{"line":84,"column":32},"end":{"line":84,"column":40}},"78":{"start":{"line":85,"column":10},"end":{"line":85,"column":42}},"79":{"start":{"line":85,"column":32},"end":{"line":85,"column":40}},"80":{"start":{"line":86,"column":20},"end":{"line":86,"column":63}},"81":{"start":{"line":86,"column":42},"end":{"line":86,"column":61}},"82":{"start":{"line":87,"column":23},"end":{"line":87,"column":65}},"83":{"start":{"line":87,"column":45},"end":{"line":87,"column":63}},"84":{"start":{"line":93,"column":2},"end":{"line":105,"column":4}},"85":{"start":{"line":95,"column":16},"end":{"line":95,"column":39}},"86":{"start":{"line":95,"column":41},"end":{"line":95,"column":79}},"87":{"start":{"line":95,"column":72},"end":{"line":95,"column":79}},"88":{"start":{"line":96,"column":18},"end":{"line":96,"column":35}},"89":{"start":{"line":97,"column":15},"end":{"line":97,"column":35}},"90":{"start":{"line":98,"column":4},"end":{"line":98,"column":85}},"91":{"start":{"line":98,"column":62},"end":{"line":98,"column":85}},"92":{"start":{"line":99,"column":4},"end":{"line":99,"column":73}},"93":{"start":{"line":99,"column":50},"end":{"line":99,"column":73}},"94":{"start":{"line":100,"column":4},"end":{"line":100,"column":21}},"95":{"start":{"line":100,"column":14},"end":{"line":100,"column":21}},"96":{"start":{"line":101,"column":4},"end":{"line":101,"column":66}},"97":{"start":{"line":101,"column":59},"end":{"line":101,"column":66}},"98":{"start":{"line":102,"column":24},"end":{"line":102,"column":51}},"99":{"start":{"line":103,"column":4},"end":{"line":103,"column":55}},"100":{"start":{"line":104,"column":4},"end":{"line":104,"column":47}},"101":{"start":{"line":109,"column":2},"end":{"line":130,"column":4}},"102":{"start":{"line":110,"column":16},"end":{"line":110,"column":39}},"103":{"start":{"line":110,"column":41},"end":{"line":110,"column":79}},"104":{"start":{"line":110,"column":72},"end":{"line":110,"column":79}},"105":{"start":{"line":111,"column":18},"end":{"line":111,"column":35}},"106":{"start":{"line":112,"column":15},"end":{"line":112,"column":35}},"107":{"start":{"line":113,"column":4},"end":{"line":113,"column":85}},"108":{"start":{"line":113,"column":62},"end":{"line":113,"column":85}},"109":{"start":{"line":114,"column":4},"end":{"line":114,"column":73}},"110":{"start":{"line":114,"column":50},"end":{"line":114,"column":73}},"111":{"start":{"line":115,"column":4},"end":{"line":115,"column":21}},"112":{"start":{"line":115,"column":14},"end":{"line":115,"column":21}},"113":{"start":{"line":116,"column":16},"end":{"line":116,"column":62}},"114":{"start":{"line":117,"column":4},"end":{"line":129,"column":5}},"115":{"start":{"line":119,"column":19},"end":{"line":119,"column":52}},"116":{"start":{"line":120,"column":6},"end":{"line":122,"column":9}},"117":{"start":{"line":121,"column":16},"end":{"line":121,"column":43}},"118":{"start":{"line":121,"column":45},"end":{"line":121,"column":84}},"119":{"start":{"line":121,"column":85},"end":{"line":121,"column":105}},"120":{"start":{"line":123,"column":6},"end":{"line":123,"column":42}},"121":{"start":{"line":126,"column":19},"end":{"line":126,"column":50}},"122":{"start":{"line":127,"column":17},"end":{"line":127,"column":45}},"123":{"start":{"line":127,"column":47},"end":{"line":127,"column":89}},"124":{"start":{"line":127,"column":90},"end":{"line":127,"column":111}},"125":{"start":{"line":128,"column":6},"end":{"line":128,"column":42}},"126":{"start":{"line":134,"column":2},"end":{"line":145,"column":4}},"127":{"start":{"line":135,"column":16},"end":{"line":135,"column":39}},"128":{"start":{"line":135,"column":41},"end":{"line":135,"column":79}},"129":{"start":{"line":135,"column":72},"end":{"line":135,"column":79}},"130":{"start":{"line":136,"column":16},"end":{"line":136,"column":167}},"131":{"start":{"line":137,"column":4},"end":{"line":137,"column":20}},"132":{"start":{"line":137,"column":13},"end":{"line":137,"column":20}},"133":{"start":{"line":138,"column":12},"end":{"line":138,"column":39}},"134":{"start":{"line":138,"column":41},"end":{"line":138,"column":52}},"135":{"start":{"line":138,"column":53},"end":{"line":138,"column":74}},"136":{"start":{"line":139,"column":18},"end":{"line":139,"column":35}},"137":{"start":{"line":140,"column":4},"end":{"line":143,"column":5}},"138":{"start":{"line":140,"column":25},"end":{"line":140,"column":43}},"139":{"start":{"line":140,"column":44},"end":{"line":140,"column":64}},"140":{"start":{"line":140,"column":65},"end":{"line":140,"column":102}},"141":{"start":{"line":142,"column":16},"end":{"line":142,"column":39}},"142":{"start":{"line":142,"column":41},"end":{"line":142,"column":60}},"143":{"start":{"line":142,"column":61},"end":{"line":142,"column":81}},"144":{"start":{"line":144,"column":4},"end":{"line":144,"column":24}},"145":{"start":{"line":148,"column":2},"end":{"line":156,"column":4}},"146":{"start":{"line":149,"column":16},"end":{"line":149,"column":39}},"147":{"start":{"line":149,"column":41},"end":{"line":149,"column":79}},"148":{"start":{"line":149,"column":72},"end":{"line":149,"column":79}},"149":{"start":{"line":150,"column":15},"end":{"line":150,"column":46}},"150":{"start":{"line":151,"column":4},"end":{"line":151,"column":113}},"151":{"start":{"line":151,"column":92},"end":{"line":151,"column":113}},"152":{"start":{"line":152,"column":4},"end":{"line":155,"column":5}},"153":{"start":{"line":153,"column":19},"end":{"line":153,"column":34}},"154":{"start":{"line":153,"column":36},"end":{"line":153,"column":102}},"155":{"start":{"line":153,"column":59},"end":{"line":153,"column":102}},"156":{"start":{"line":153,"column":103},"end":{"line":153,"column":117}},"157":{"start":{"line":154,"column":6},"end":{"line":154,"column":53}},"158":{"start":{"line":159,"column":2},"end":{"line":174,"column":4}},"159":{"start":{"line":161,"column":14},"end":{"line":161,"column":37}},"160":{"start":{"line":161,"column":39},"end":{"line":161,"column":75}},"161":{"start":{"line":161,"column":68},"end":{"line":161,"column":75}},"162":{"start":{"line":162,"column":13},"end":{"line":162,"column":27}},"163":{"start":{"line":162,"column":29},"end":{"line":162,"column":104}},"164":{"start":{"line":162,"column":83},"end":{"line":162,"column":104}},"165":{"start":{"line":163,"column":4},"end":{"line":163,"column":71}},"166":{"start":{"line":163,"column":50},"end":{"line":163,"column":71}},"167":{"start":{"line":164,"column":4},"end":{"line":164,"column":21}},"168":{"start":{"line":164,"column":14},"end":{"line":164,"column":21}},"169":{"start":{"line":165,"column":14},"end":{"line":165,"column":56}},"170":{"start":{"line":166,"column":4},"end":{"line":173,"column":5}},"171":{"start":{"line":167,"column":6},"end":{"line":167,"column":40}},"172":{"start":{"line":167,"column":41},"end":{"line":167,"column":118}},"173":{"start":{"line":167,"column":82},"end":{"line":167,"column":116}},"174":{"start":{"line":168,"column":11},"end":{"line":173,"column":5}},"175":{"start":{"line":168,"column":27},"end":{"line":168,"column":65}},"176":{"start":{"line":168,"column":66},"end":{"line":168,"column":189}},"177":{"start":{"line":168,"column":108},"end":{"line":168,"column":185}},"178":{"start":{"line":168,"column":145},"end":{"line":168,"column":185}},"179":{"start":{"line":171,"column":15},"end":{"line":171,"column":43}},"180":{"start":{"line":171,"column":45},"end":{"line":171,"column":81}},"181":{"start":{"line":172,"column":15},"end":{"line":172,"column":43}},"182":{"start":{"line":172,"column":45},"end":{"line":172,"column":85}},"183":{"start":{"line":172,"column":86},"end":{"line":172,"column":126}},"184":{"start":{"line":172,"column":127},"end":{"line":172,"column":146}},"185":{"start":{"line":172,"column":147},"end":{"line":172,"column":180}},"186":{"start":{"line":178,"column":0},"end":{"line":178,"column":108}},"187":{"start":{"line":180,"column":0},"end":{"line":180,"column":60}},"188":{"start":{"line":180,"column":33},"end":{"line":180,"column":60}}},"fnMap":{"0":{"name":"_all","decl":{"start":{"line":6,"column":9},"end":{"line":6,"column":13}},"loc":{"start":{"line":6,"column":15},"end":{"line":6,"column":48}},"line":6},"1":{"name":"mountToolbar","decl":{"start":{"line":8,"column":9},"end":{"line":8,"column":21}},"loc":{"start":{"line":8,"column":29},"end":{"line":58,"column":1}},"line":8},"2":{"name":"(anonymous_2)","decl":{"start":{"line":25,"column":18},"end":{"line":25,"column":19}},"loc":{"start":{"line":25,"column":25},"end":{"line":38,"column":3}},"line":25},"3":{"name":"(anonymous_3)","decl":{"start":{"line":28,"column":33},"end":{"line":28,"column":34}},"loc":{"start":{"line":28,"column":38},"end":{"line":28,"column":60}},"line":28},"4":{"name":"(anonymous_4)","decl":{"start":{"line":29,"column":36},"end":{"line":29,"column":37}},"loc":{"start":{"line":29,"column":39},"end":{"line":36,"column":5}},"line":29},"5":{"name":"(anonymous_5)","decl":{"start":{"line":34,"column":23},"end":{"line":34,"column":24}},"loc":{"start":{"line":34,"column":28},"end":{"line":34,"column":42}},"line":34},"6":{"name":"(anonymous_6)","decl":{"start":{"line":40,"column":18},"end":{"line":40,"column":19}},"loc":{"start":{"line":40,"column":22},"end":{"line":55,"column":3}},"line":40},"7":{"name":"(anonymous_7)","decl":{"start":{"line":43,"column":19},"end":{"line":43,"column":20}},"loc":{"start":{"line":43,"column":23},"end":{"line":43,"column":56}},"line":43},"8":{"name":"(anonymous_8)","decl":{"start":{"line":46,"column":19},"end":{"line":46,"column":20}},"loc":{"start":{"line":46,"column":23},"end":{"line":53,"column":7}},"line":46},"9":{"name":"(anonymous_9)","decl":{"start":{"line":48,"column":23},"end":{"line":48,"column":24}},"loc":{"start":{"line":48,"column":28},"end":{"line":52,"column":9}},"line":48},"10":{"name":"(anonymous_10)","decl":{"start":{"line":61,"column":2},"end":{"line":61,"column":3}},"loc":{"start":{"line":61,"column":30},"end":{"line":82,"column":3}},"line":61},"11":{"name":"(anonymous_11)","decl":{"start":{"line":62,"column":48},"end":{"line":62,"column":49}},"loc":{"start":{"line":62,"column":51},"end":{"line":81,"column":5}},"line":62},"12":{"name":"(anonymous_12)","decl":{"start":{"line":83,"column":2},"end":{"line":83,"column":3}},"loc":{"start":{"line":83,"column":15},"end":{"line":83,"column":58}},"line":83},"13":{"name":"(anonymous_13)","decl":{"start":{"line":83,"column":35},"end":{"line":83,"column":36}},"loc":{"start":{"line":83,"column":39},"end":{"line":83,"column":54}},"line":83},"14":{"name":"(anonymous_14)","decl":{"start":{"line":84,"column":2},"end":{"line":84,"column":3}},"loc":{"start":{"line":84,"column":8},"end":{"line":84,"column":44}},"line":84},"15":{"name":"(anonymous_15)","decl":{"start":{"line":84,"column":28},"end":{"line":84,"column":29}},"loc":{"start":{"line":84,"column":32},"end":{"line":84,"column":40}},"line":84},"16":{"name":"(anonymous_16)","decl":{"start":{"line":85,"column":2},"end":{"line":85,"column":3}},"loc":{"start":{"line":85,"column":8},"end":{"line":85,"column":44}},"line":85},"17":{"name":"(anonymous_17)","decl":{"start":{"line":85,"column":28},"end":{"line":85,"column":29}},"loc":{"start":{"line":85,"column":32},"end":{"line":85,"column":40}},"line":85},"18":{"name":"(anonymous_18)","decl":{"start":{"line":86,"column":2},"end":{"line":86,"column":3}},"loc":{"start":{"line":86,"column":18},"end":{"line":86,"column":65}},"line":86},"19":{"name":"(anonymous_19)","decl":{"start":{"line":86,"column":38},"end":{"line":86,"column":39}},"loc":{"start":{"line":86,"column":42},"end":{"line":86,"column":61}},"line":86},"20":{"name":"(anonymous_20)","decl":{"start":{"line":87,"column":2},"end":{"line":87,"column":3}},"loc":{"start":{"line":87,"column":21},"end":{"line":87,"column":67}},"line":87},"21":{"name":"(anonymous_21)","decl":{"start":{"line":87,"column":41},"end":{"line":87,"column":42}},"loc":{"start":{"line":87,"column":45},"end":{"line":87,"column":63}},"line":87},"22":{"name":"blockCommand","decl":{"start":{"line":92,"column":9},"end":{"line":92,"column":21}},"loc":{"start":{"line":92,"column":26},"end":{"line":106,"column":1}},"line":92},"23":{"name":"(anonymous_23)","decl":{"start":{"line":93,"column":9},"end":{"line":93,"column":10}},"loc":{"start":{"line":93,"column":15},"end":{"line":105,"column":3}},"line":93},"24":{"name":"listCommand","decl":{"start":{"line":108,"column":9},"end":{"line":108,"column":20}},"loc":{"start":{"line":108,"column":29},"end":{"line":131,"column":1}},"line":108},"25":{"name":"(anonymous_25)","decl":{"start":{"line":109,"column":9},"end":{"line":109,"column":10}},"loc":{"start":{"line":109,"column":15},"end":{"line":130,"column":3}},"line":109},"26":{"name":"(anonymous_26)","decl":{"start":{"line":120,"column":54},"end":{"line":120,"column":55}},"loc":{"start":{"line":120,"column":58},"end":{"line":122,"column":7}},"line":120},"27":{"name":"linkAddCommand","decl":{"start":{"line":133,"column":9},"end":{"line":133,"column":23}},"loc":{"start":{"line":133,"column":32},"end":{"line":146,"column":1}},"line":133},"28":{"name":"(anonymous_28)","decl":{"start":{"line":134,"column":9},"end":{"line":134,"column":10}},"loc":{"start":{"line":134,"column":15},"end":{"line":145,"column":3}},"line":134},"29":{"name":"linkRemoveCommand","decl":{"start":{"line":147,"column":9},"end":{"line":147,"column":26}},"loc":{"start":{"line":147,"column":28},"end":{"line":157,"column":1}},"line":147},"30":{"name":"(anonymous_30)","decl":{"start":{"line":148,"column":9},"end":{"line":148,"column":10}},"loc":{"start":{"line":148,"column":15},"end":{"line":156,"column":3}},"line":148},"31":{"name":"(anonymous_31)","decl":{"start":{"line":154,"column":22},"end":{"line":154,"column":23}},"loc":{"start":{"line":154,"column":26},"end":{"line":154,"column":28}},"line":154},"32":{"name":"taskListCommand","decl":{"start":{"line":158,"column":9},"end":{"line":158,"column":24}},"loc":{"start":{"line":158,"column":26},"end":{"line":175,"column":1}},"line":158},"33":{"name":"(anonymous_33)","decl":{"start":{"line":159,"column":9},"end":{"line":159,"column":10}},"loc":{"start":{"line":159,"column":15},"end":{"line":174,"column":3}},"line":159},"34":{"name":"(anonymous_34)","decl":{"start":{"line":167,"column":77},"end":{"line":167,"column":78}},"loc":{"start":{"line":167,"column":82},"end":{"line":167,"column":116}},"line":167},"35":{"name":"(anonymous_35)","decl":{"start":{"line":168,"column":102},"end":{"line":168,"column":103}},"loc":{"start":{"line":168,"column":106},"end":{"line":168,"column":187}},"line":168},"36":{"name":"(anonymous_36)","decl":{"start":{"line":178,"column":100},"end":{"line":178,"column":101}},"loc":{"start":{"line":178,"column":104},"end":{"line":178,"column":106}},"line":178}},"branchMap":{"0":{"loc":{"start":{"line":27,"column":125},"end":{"line":27,"column":135}},"type":"cond-expr","locations":[{"start":{"line":27,"column":131},"end":{"line":27,"column":132}},{"start":{"line":27,"column":133},"end":{"line":27,"column":135}}],"line":27},"1":{"loc":{"start":{"line":30,"column":6},"end":{"line":35,"column":7}},"type":"if","locations":[{"start":{"line":30,"column":6},"end":{"line":35,"column":7}},{"start":{},"end":{}}],"line":30},"2":{"loc":{"start":{"line":30,"column":9},"end":{"line":30,"column":50}},"type":"binary-expr","locations":[{"start":{"line":30,"column":9},"end":{"line":30,"column":29}},{"start":{"line":30,"column":31},"end":{"line":30,"column":50}}],"line":30},"3":{"loc":{"start":{"line":32,"column":20},"end":{"line":32,"column":45}},"type":"cond-expr","locations":[{"start":{"line":32,"column":41},"end":{"line":32,"column":42}},{"start":{"line":32,"column":43},"end":{"line":32,"column":45}}],"line":32},"4":{"loc":{"start":{"line":33,"column":43},"end":{"line":33,"column":73}},"type":"if","locations":[{"start":{"line":33,"column":43},"end":{"line":33,"column":73}},{"start":{},"end":{}}],"line":33},"5":{"loc":{"start":{"line":33,"column":74},"end":{"line":33,"column":103}},"type":"if","locations":[{"start":{"line":33,"column":74},"end":{"line":33,"column":103}},{"start":{},"end":{}}],"line":33},"6":{"loc":{"start":{"line":41,"column":41},"end":{"line":41,"column":79}},"type":"if","locations":[{"start":{"line":41,"column":41},"end":{"line":41,"column":79}},{"start":{},"end":{}}],"line":41},"7":{"loc":{"start":{"line":41,"column":44},"end":{"line":41,"column":70}},"type":"binary-expr","locations":[{"start":{"line":41,"column":44},"end":{"line":41,"column":48}},{"start":{"line":41,"column":52},"end":{"line":41,"column":70}}],"line":41},"8":{"loc":{"start":{"line":42,"column":17},"end":{"line":42,"column":124}},"type":"cond-expr","locations":[{"start":{"line":42,"column":64},"end":{"line":42,"column":78}},{"start":{"line":42,"column":81},"end":{"line":42,"column":124}}],"line":42},"9":{"loc":{"start":{"line":42,"column":17},"end":{"line":42,"column":62}},"type":"binary-expr","locations":[{"start":{"line":42,"column":17},"end":{"line":42,"column":31}},{"start":{"line":42,"column":35},"end":{"line":42,"column":62}}],"line":42},"10":{"loc":{"start":{"line":42,"column":81},"end":{"line":42,"column":124}},"type":"binary-expr","locations":[{"start":{"line":42,"column":81},"end":{"line":42,"column":95}},{"start":{"line":42,"column":99},"end":{"line":42,"column":124}}],"line":42},"11":{"loc":{"start":{"line":44,"column":4},"end":{"line":54,"column":5}},"type":"if","locations":[{"start":{"line":44,"column":4},"end":{"line":54,"column":5}},{"start":{},"end":{}}],"line":44},"12":{"loc":{"start":{"line":45,"column":39},"end":{"line":45,"column":62}},"type":"binary-expr","locations":[{"start":{"line":45,"column":39},"end":{"line":45,"column":40}},{"start":{"line":45,"column":44},"end":{"line":45,"column":62}}],"line":45},"13":{"loc":{"start":{"line":45,"column":65},"end":{"line":45,"column":97}},"type":"if","locations":[{"start":{"line":45,"column":65},"end":{"line":45,"column":97}},{"start":{},"end":{}}],"line":45},"14":{"loc":{"start":{"line":47,"column":18},"end":{"line":47,"column":56}},"type":"binary-expr","locations":[{"start":{"line":47,"column":18},"end":{"line":47,"column":28}},{"start":{"line":47,"column":32},"end":{"line":47,"column":56}}],"line":47},"15":{"loc":{"start":{"line":49,"column":10},"end":{"line":49,"column":149}},"type":"if","locations":[{"start":{"line":49,"column":10},"end":{"line":49,"column":149}},{"start":{},"end":{}}],"line":49},"16":{"loc":{"start":{"line":49,"column":13},"end":{"line":49,"column":107}},"type":"binary-expr","locations":[{"start":{"line":49,"column":13},"end":{"line":49,"column":49}},{"start":{"line":49,"column":53},"end":{"line":49,"column":68}},{"start":{"line":49,"column":72},"end":{"line":49,"column":107}}],"line":49},"17":{"loc":{"start":{"line":50,"column":10},"end":{"line":50,"column":151}},"type":"if","locations":[{"start":{"line":50,"column":10},"end":{"line":50,"column":151}},{"start":{},"end":{}}],"line":50},"18":{"loc":{"start":{"line":50,"column":13},"end":{"line":50,"column":109}},"type":"binary-expr","locations":[{"start":{"line":50,"column":13},"end":{"line":50,"column":48}},{"start":{"line":50,"column":53},"end":{"line":50,"column":63}},{"start":{"line":50,"column":65},"end":{"line":50,"column":75}},{"start":{"line":50,"column":80},"end":{"line":50,"column":109}}],"line":50},"19":{"loc":{"start":{"line":51,"column":10},"end":{"line":51,"column":113}},"type":"if","locations":[{"start":{"line":51,"column":10},"end":{"line":51,"column":113}},{"start":{},"end":{}}],"line":51},"20":{"loc":{"start":{"line":51,"column":13},"end":{"line":51,"column":71}},"type":"binary-expr","locations":[{"start":{"line":51,"column":13},"end":{"line":51,"column":46}},{"start":{"line":51,"column":50},"end":{"line":51,"column":71}}],"line":51},"21":{"loc":{"start":{"line":61,"column":19},"end":{"line":61,"column":29}},"type":"default-arg","locations":[{"start":{"line":61,"column":27},"end":{"line":61,"column":29}}],"line":61},"22":{"loc":{"start":{"line":63,"column":6},"end":{"line":63,"column":32}},"type":"if","locations":[{"start":{"line":63,"column":6},"end":{"line":63,"column":32}},{"start":{},"end":{}}],"line":63},"23":{"loc":{"start":{"line":95,"column":41},"end":{"line":95,"column":79}},"type":"if","locations":[{"start":{"line":95,"column":41},"end":{"line":95,"column":79}},{"start":{},"end":{}}],"line":95},"24":{"loc":{"start":{"line":95,"column":44},"end":{"line":95,"column":70}},"type":"binary-expr","locations":[{"start":{"line":95,"column":44},"end":{"line":95,"column":48}},{"start":{"line":95,"column":52},"end":{"line":95,"column":70}}],"line":95},"25":{"loc":{"start":{"line":98,"column":10},"end":{"line":98,"column":60}},"type":"binary-expr","locations":[{"start":{"line":98,"column":10},"end":{"line":98,"column":14}},{"start":{"line":98,"column":18},"end":{"line":98,"column":37}},{"start":{"line":98,"column":41},"end":{"line":98,"column":60}}],"line":98},"26":{"loc":{"start":{"line":99,"column":10},"end":{"line":99,"column":48}},"type":"binary-expr","locations":[{"start":{"line":99,"column":10},"end":{"line":99,"column":14}},{"start":{"line":99,"column":18},"end":{"line":99,"column":48}}],"line":99},"27":{"loc":{"start":{"line":100,"column":4},"end":{"line":100,"column":21}},"type":"if","locations":[{"start":{"line":100,"column":4},"end":{"line":100,"column":21}},{"start":{},"end":{}}],"line":100},"28":{"loc":{"start":{"line":101,"column":4},"end":{"line":101,"column":66}},"type":"if","locations":[{"start":{"line":101,"column":4},"end":{"line":101,"column":66}},{"start":{},"end":{}}],"line":101},"29":{"loc":{"start":{"line":101,"column":7},"end":{"line":101,"column":57}},"type":"binary-expr","locations":[{"start":{"line":101,"column":7},"end":{"line":101,"column":19}},{"start":{"line":101,"column":23},"end":{"line":101,"column":57}}],"line":101},"30":{"loc":{"start":{"line":103,"column":28},"end":{"line":103,"column":54}},"type":"binary-expr","locations":[{"start":{"line":103,"column":28},"end":{"line":103,"column":42}},{"start":{"line":103,"column":46},"end":{"line":103,"column":54}}],"line":103},"31":{"loc":{"start":{"line":110,"column":41},"end":{"line":110,"column":79}},"type":"if","locations":[{"start":{"line":110,"column":41},"end":{"line":110,"column":79}},{"start":{},"end":{}}],"line":110},"32":{"loc":{"start":{"line":110,"column":44},"end":{"line":110,"column":70}},"type":"binary-expr","locations":[{"start":{"line":110,"column":44},"end":{"line":110,"column":48}},{"start":{"line":110,"column":52},"end":{"line":110,"column":70}}],"line":110},"33":{"loc":{"start":{"line":113,"column":10},"end":{"line":113,"column":60}},"type":"binary-expr","locations":[{"start":{"line":113,"column":10},"end":{"line":113,"column":14}},{"start":{"line":113,"column":18},"end":{"line":113,"column":37}},{"start":{"line":113,"column":41},"end":{"line":113,"column":60}}],"line":113},"34":{"loc":{"start":{"line":114,"column":10},"end":{"line":114,"column":48}},"type":"binary-expr","locations":[{"start":{"line":114,"column":10},"end":{"line":114,"column":14}},{"start":{"line":114,"column":18},"end":{"line":114,"column":48}}],"line":114},"35":{"loc":{"start":{"line":115,"column":4},"end":{"line":115,"column":21}},"type":"if","locations":[{"start":{"line":115,"column":4},"end":{"line":115,"column":21}},{"start":{},"end":{}}],"line":115},"36":{"loc":{"start":{"line":116,"column":16},"end":{"line":116,"column":62}},"type":"cond-expr","locations":[{"start":{"line":116,"column":31},"end":{"line":116,"column":57}},{"start":{"line":116,"column":60},"end":{"line":116,"column":62}}],"line":116},"37":{"loc":{"start":{"line":117,"column":4},"end":{"line":129,"column":5}},"type":"if","locations":[{"start":{"line":117,"column":4},"end":{"line":129,"column":5}},{"start":{"line":124,"column":11},"end":{"line":129,"column":5}}],"line":117},"38":{"loc":{"start":{"line":117,"column":7},"end":{"line":117,"column":35}},"type":"binary-expr","locations":[{"start":{"line":117,"column":7},"end":{"line":117,"column":19}},{"start":{"line":117,"column":23},"end":{"line":117,"column":35}}],"line":117},"39":{"loc":{"start":{"line":121,"column":59},"end":{"line":121,"column":83}},"type":"binary-expr","locations":[{"start":{"line":121,"column":59},"end":{"line":121,"column":71}},{"start":{"line":121,"column":75},"end":{"line":121,"column":83}}],"line":121},"40":{"loc":{"start":{"line":127,"column":62},"end":{"line":127,"column":88}},"type":"binary-expr","locations":[{"start":{"line":127,"column":62},"end":{"line":127,"column":76}},{"start":{"line":127,"column":80},"end":{"line":127,"column":88}}],"line":127},"41":{"loc":{"start":{"line":135,"column":41},"end":{"line":135,"column":79}},"type":"if","locations":[{"start":{"line":135,"column":41},"end":{"line":135,"column":79}},{"start":{},"end":{}}],"line":135},"42":{"loc":{"start":{"line":135,"column":44},"end":{"line":135,"column":70}},"type":"binary-expr","locations":[{"start":{"line":135,"column":44},"end":{"line":135,"column":48}},{"start":{"line":135,"column":52},"end":{"line":135,"column":70}}],"line":135},"43":{"loc":{"start":{"line":136,"column":16},"end":{"line":136,"column":167}},"type":"cond-expr","locations":[{"start":{"line":136,"column":49},"end":{"line":136,"column":69}},{"start":{"line":136,"column":73},"end":{"line":136,"column":166}}],"line":136},"44":{"loc":{"start":{"line":136,"column":17},"end":{"line":136,"column":46}},"type":"binary-expr","locations":[{"start":{"line":136,"column":17},"end":{"line":136,"column":24}},{"start":{"line":136,"column":28},"end":{"line":136,"column":46}}],"line":136},"45":{"loc":{"start":{"line":136,"column":73},"end":{"line":136,"column":166}},"type":"cond-expr","locations":[{"start":{"line":136,"column":108},"end":{"line":136,"column":159}},{"start":{"line":136,"column":162},"end":{"line":136,"column":166}}],"line":136},"46":{"loc":{"start":{"line":137,"column":4},"end":{"line":137,"column":20}},"type":"if","locations":[{"start":{"line":137,"column":4},"end":{"line":137,"column":20}},{"start":{},"end":{}}],"line":137},"47":{"loc":{"start":{"line":140,"column":4},"end":{"line":143,"column":5}},"type":"if","locations":[{"start":{"line":140,"column":4},"end":{"line":143,"column":5}},{"start":{"line":141,"column":9},"end":{"line":143,"column":5}}],"line":140},"48":{"loc":{"start":{"line":149,"column":41},"end":{"line":149,"column":79}},"type":"if","locations":[{"start":{"line":149,"column":41},"end":{"line":149,"column":79}},{"start":{},"end":{}}],"line":149},"49":{"loc":{"start":{"line":149,"column":44},"end":{"line":149,"column":70}},"type":"binary-expr","locations":[{"start":{"line":149,"column":44},"end":{"line":149,"column":48}},{"start":{"line":149,"column":52},"end":{"line":149,"column":70}}],"line":149},"50":{"loc":{"start":{"line":150,"column":15},"end":{"line":150,"column":46}},"type":"binary-expr","locations":[{"start":{"line":150,"column":15},"end":{"line":150,"column":29}},{"start":{"line":150,"column":33},"end":{"line":150,"column":46}}],"line":150},"51":{"loc":{"start":{"line":151,"column":10},"end":{"line":151,"column":90}},"type":"binary-expr","locations":[{"start":{"line":151,"column":10},"end":{"line":151,"column":14}},{"start":{"line":151,"column":18},"end":{"line":151,"column":35}},{"start":{"line":151,"column":40},"end":{"line":151,"column":53}},{"start":{"line":151,"column":57},"end":{"line":151,"column":89}}],"line":151},"52":{"loc":{"start":{"line":152,"column":4},"end":{"line":155,"column":5}},"type":"if","locations":[{"start":{"line":152,"column":4},"end":{"line":155,"column":5}},{"start":{},"end":{}}],"line":152},"53":{"loc":{"start":{"line":152,"column":7},"end":{"line":152,"column":63}},"type":"binary-expr","locations":[{"start":{"line":152,"column":7},"end":{"line":152,"column":11}},{"start":{"line":152,"column":15},"end":{"line":152,"column":27}},{"start":{"line":152,"column":31},"end":{"line":152,"column":63}}],"line":152},"54":{"loc":{"start":{"line":161,"column":39},"end":{"line":161,"column":75}},"type":"if","locations":[{"start":{"line":161,"column":39},"end":{"line":161,"column":75}},{"start":{},"end":{}}],"line":161},"55":{"loc":{"start":{"line":161,"column":42},"end":{"line":161,"column":66}},"type":"binary-expr","locations":[{"start":{"line":161,"column":42},"end":{"line":161,"column":46}},{"start":{"line":161,"column":48},"end":{"line":161,"column":66}}],"line":161},"56":{"loc":{"start":{"line":162,"column":35},"end":{"line":162,"column":81}},"type":"binary-expr","locations":[{"start":{"line":162,"column":35},"end":{"line":162,"column":39}},{"start":{"line":162,"column":43},"end":{"line":162,"column":60}},{"start":{"line":162,"column":64},"end":{"line":162,"column":81}}],"line":162},"57":{"loc":{"start":{"line":163,"column":10},"end":{"line":163,"column":48}},"type":"binary-expr","locations":[{"start":{"line":163,"column":10},"end":{"line":163,"column":14}},{"start":{"line":163,"column":18},"end":{"line":163,"column":48}}],"line":163},"58":{"loc":{"start":{"line":164,"column":4},"end":{"line":164,"column":21}},"type":"if","locations":[{"start":{"line":164,"column":4},"end":{"line":164,"column":21}},{"start":{},"end":{}}],"line":164},"59":{"loc":{"start":{"line":165,"column":14},"end":{"line":165,"column":56}},"type":"cond-expr","locations":[{"start":{"line":165,"column":27},"end":{"line":165,"column":53}},{"start":{"line":165,"column":54},"end":{"line":165,"column":56}}],"line":165},"60":{"loc":{"start":{"line":166,"column":4},"end":{"line":173,"column":5}},"type":"if","locations":[{"start":{"line":166,"column":4},"end":{"line":173,"column":5}},{"start":{"line":168,"column":11},"end":{"line":173,"column":5}}],"line":166},"61":{"loc":{"start":{"line":166,"column":7},"end":{"line":166,"column":60}},"type":"binary-expr","locations":[{"start":{"line":166,"column":7},"end":{"line":166,"column":17}},{"start":{"line":166,"column":21},"end":{"line":166,"column":60}}],"line":166},"62":{"loc":{"start":{"line":168,"column":11},"end":{"line":173,"column":5}},"type":"if","locations":[{"start":{"line":168,"column":11},"end":{"line":173,"column":5}},{"start":{"line":169,"column":9},"end":{"line":173,"column":5}}],"line":168},"63":{"loc":{"start":{"line":168,"column":108},"end":{"line":168,"column":185}},"type":"if","locations":[{"start":{"line":168,"column":108},"end":{"line":168,"column":185}},{"start":{},"end":{}}],"line":168},"64":{"loc":{"start":{"line":172,"column":99},"end":{"line":172,"column":125}},"type":"binary-expr","locations":[{"start":{"line":172,"column":99},"end":{"line":172,"column":113}},{"start":{"line":172,"column":117},"end":{"line":172,"column":125}}],"line":172},"65":{"loc":{"start":{"line":178,"column":0},"end":{"line":178,"column":107}},"type":"binary-expr","locations":[{"start":{"line":178,"column":0},"end":{"line":178,"column":29}},{"start":{"line":178,"column":33},"end":{"line":178,"column":107}}],"line":178},"66":{"loc":{"start":{"line":180,"column":0},"end":{"line":180,"column":60}},"type":"if","locations":[{"start":{"line":180,"column":0},"end":{"line":180,"column":60}},{"start":{},"end":{}}],"line":180}},"s":{"0":0,"1":0,"2":0,"3":0,"4":0,"5":0,"6":0,"7":0,"8":0,"9":0,"10":0,"11":0,"12":0,"13":0,"14":0,"15":0,"16":0,"17":0,"18":0,"19":0,"20":0,"21":0,"22":0,"23":0,"24":0,"25":0,"26":0,"27":0,"28":0,"29":0,"30":0,"31":0,"32":0,"33":0,"34":0,"35":0,"36":0,"37":0,"38":0,"39":0,"40":0,"41":0,"42":0,"43":0,"44":0,"45":0,"46":0,"47":0,"48":0,"49":0,"50":0,"51":0,"52":0,"53":0,"54":0,"55":0,"56":0,"57":0,"58":0,"59":0,"60":0,"61":0,"62":0,"63":0,"64":0,"65":0,"66":0,"67":0,"68":0,"69":0,"70":0,"71":0,"72":0,"73":0,"74":0,"75":0,"76":0,"77":0,"78":0,"79":0,"80":0,"81":0,"82":0,"83":0,"84":0,"85":0,"86":0,"87":0,"88":0,"89":0,"90":0,"91":0,"92":0,"93":0,"94":0,"95":0,"96":0,"97":0,"98":0,"99":0,"100":0,"101":0,"102":0,"103":0,"104":0,"105":0,"106":0,"107":0,"108":0,"109":0,"110":0,"111":0,"112":0,"113":0,"114":0,"115":0,"116":0,"117":0,"118":0,"119":0,"120":0,"121":0,"122":0,"123":0,"124":0,"125":0,"126":0,"127":0,"128":0,"129":0,"130":0,"131":0,"132":0,"133":0,"134":0,"135":0,"136":0,"137":0,"138":0,"139":0,"140":0,"141":0,"142":0,"143":0,"144":0,"145":0,"146":0,"147":0,"148":0,"149":0,"150":0,"151":0,"152":0,"153":0,"154":0,"155":0,"156":0,"157":0,"158":0,"159":0,"160":0,"161":0,"162":0,"163":0,"164":0,"165":0,"166":0,"167":0,"168":0,"169":0,"170":0,"171":0,"172":0,"173":0,"174":0,"175":0,"176":0,"177":0,"178":0,"179":0,"180":0,"181":0,"182":0,"183":0,"184":0,"185":0,"186":0,"187":0,"188":0},"f":{"0":0,"1":0,"2":0,"3":0,"4":0,"5":0,"6":0,"7":0,"8":0,"9":0,"10":0,"11":0,"12":0,"13":0,"14":0,"15":0,"16":0,"17":0,"18":0,"19":0,"20":0,"21":0,"22":0,"23":0,"24":0,"25":0,"26":0,"27":0,"28":0,"29":0,"30":0,"31":0,"32":0,"33":0,"34":0,"35":0,"36":0},"b":{"0":[0,0],"1":[0,0],"2":[0,0],"3":[0,0],"4":[0,0],"5":[0,0],"6":[0,0],"7":[0,0],"8":[0,0],"9":[0,0],"10":[0,0],"11":[0,0],"12":[0,0],"13":[0,0],"14":[0,0],"15":[0,0],"16":[0,0,0],"17":[0,0],"18":[0,0,0,0],"19":[0,0],"20":[0,0],"21":[0],"22":[0,0],"23":[0,0],"24":[0,0],"25":[0,0,0],"26":[0,0],"27":[0,0],"28":[0,0],"29":[0,0],"30":[0,0],"31":[0,0],"32":[0,0],"33":[0,0,0],"34":[0,0],"35":[0,0],"36":[0,0],"37":[0,0],"38":[0,0],"39":[0,0],"40":[0,0],"41":[0,0],"42":[0,0],"43":[0,0],"44":[0,0],"45":[0,0],"46":[0,0],"47":[0,0],"48":[0,0],"49":[0,0],"50":[0,0],"51":[0,0,0,0],"52":[0,0],"53":[0,0,0],"54":[0,0],"55":[0,0],"56":[0,0,0],"57":[0,0],"58":[0,0],"59":[0,0],"60":[0,0],"61":[0,0],"62":[0,0],"63":[0,0],"64":[0,0],"65":[0,0],"66":[0,0]}}
,"C:\\Users\\jnort\\OneDrive\\Documents\\GitHub\\EdNotes\\src\\EdNotes.RichText\\wwwroot\\editor\\core\\CommandBus.js": {"path":"C:\\Users\\jnort\\OneDrive\\Documents\\GitHub\\EdNotes\\src\\EdNotes.RichText\\wwwroot\\editor\\core\\CommandBus.js","statementMap":{"0":{"start":{"line":5,"column":23},"end":{"line":5,"column":44}},"1":{"start":{"line":5,"column":45},"end":{"line":5,"column":72}},"2":{"start":{"line":6,"column":22},"end":{"line":6,"column":51}},"3":{"start":{"line":7,"column":30},"end":{"line":7,"column":54}},"4":{"start":{"line":7,"column":56},"end":{"line":7,"column":78}},"5":{"start":{"line":7,"column":65},"end":{"line":7,"column":78}},"6":{"start":{"line":7,"column":79},"end":{"line":7,"column":129}},"7":{"start":{"line":7,"column":110},"end":{"line":7,"column":127}},"8":{"start":{"line":8,"column":4},"end":{"line":11,"column":5}},"9":{"start":{"line":9,"column":23},"end":{"line":9,"column":179}},"10":{"start":{"line":10,"column":6},"end":{"line":10,"column":60}},"11":{"start":{"line":13,"column":4},"end":{"line":21,"column":46}},"12":{"start":{"line":15,"column":6},"end":{"line":19,"column":7}},"13":{"start":{"line":15,"column":44},"end":{"line":15,"column":115}},"14":{"start":{"line":17,"column":8},"end":{"line":17,"column":49}},"15":{"start":{"line":18,"column":8},"end":{"line":18,"column":65}},"16":{"start":{"line":20,"column":6},"end":{"line":20,"column":44}},"17":{"start":{"line":22,"column":4},"end":{"line":22,"column":16}},"18":{"start":{"line":26,"column":2},"end":{"line":54,"column":4}},"19":{"start":{"line":28,"column":20},"end":{"line":28,"column":65}},"20":{"start":{"line":29,"column":4},"end":{"line":31,"column":5}},"21":{"start":{"line":30,"column":6},"end":{"line":30,"column":86}},"22":{"start":{"line":30,"column":12},"end":{"line":30,"column":47}},"23":{"start":{"line":30,"column":48},"end":{"line":30,"column":55}},"24":{"start":{"line":33,"column":16},"end":{"line":33,"column":39}},"25":{"start":{"line":34,"column":4},"end":{"line":34,"column":61}},"26":{"start":{"line":34,"column":54},"end":{"line":34,"column":61}},"27":{"start":{"line":35,"column":18},"end":{"line":35,"column":35}},"28":{"start":{"line":36,"column":20},"end":{"line":36,"column":40}},"29":{"start":{"line":37,"column":4},"end":{"line":37,"column":80}},"30":{"start":{"line":37,"column":47},"end":{"line":37,"column":80}},"31":{"start":{"line":38,"column":18},"end":{"line":38,"column":36}},"32":{"start":{"line":39,"column":4},"end":{"line":39,"column":72}},"33":{"start":{"line":39,"column":43},"end":{"line":39,"column":72}},"34":{"start":{"line":40,"column":4},"end":{"line":47,"column":5}},"35":{"start":{"line":42,"column":17},"end":{"line":42,"column":26}},"36":{"start":{"line":43,"column":19},"end":{"line":43,"column":52}},"37":{"start":{"line":44,"column":6},"end":{"line":44,"column":59}},"38":{"start":{"line":44,"column":27},"end":{"line":44,"column":59}},"39":{"start":{"line":45,"column":6},"end":{"line":45,"column":43}},"40":{"start":{"line":46,"column":6},"end":{"line":46,"column":13}},"41":{"start":{"line":48,"column":20},"end":{"line":48,"column":47}},"42":{"start":{"line":49,"column":4},"end":{"line":49,"column":49}},"43":{"start":{"line":50,"column":4},"end":{"line":50,"column":30}},"44":{"start":{"line":52,"column":4},"end":{"line":52,"column":26}},"45":{"start":{"line":53,"column":15},"end":{"line":53,"column":37}},"46":{"start":{"line":53,"column":39},"end":{"line":53,"column":70}},"47":{"start":{"line":53,"column":71},"end":{"line":53,"column":88}},"48":{"start":{"line":59,"column":4},"end":{"line":59,"column":29}},"49":{"start":{"line":59,"column":30},"end":{"line":59,"column":55}},"50":{"start":{"line":60,"column":4},"end":{"line":60,"column":30}},"51":{"start":{"line":61,"column":4},"end":{"line":61,"column":59}},"52":{"start":{"line":62,"column":4},"end":{"line":62,"column":36}},"53":{"start":{"line":64,"column":2},"end":{"line":64,"column":38}},"54":{"start":{"line":65,"column":2},"end":{"line":65,"column":115}},"55":{"start":{"line":66,"column":4},"end":{"line":66,"column":65}},"56":{"start":{"line":67,"column":4},"end":{"line":75,"column":5}},"57":{"start":{"line":68,"column":6},"end":{"line":74,"column":42}},"58":{"start":{"line":69,"column":20},"end":{"line":69,"column":36}},"59":{"start":{"line":70,"column":8},"end":{"line":73,"column":9}},"60":{"start":{"line":71,"column":10},"end":{"line":71,"column":40}},"61":{"start":{"line":72,"column":10},"end":{"line":72,"column":89}},"62":{"start":{"line":72,"column":60},"end":{"line":72,"column":89}},"63":{"start":{"line":76,"column":4},"end":{"line":76,"column":17}},"64":{"start":{"line":79,"column":12},"end":{"line":79,"column":41}},"65":{"start":{"line":79,"column":43},"end":{"line":79,"column":68}},"66":{"start":{"line":80,"column":13},"end":{"line":80,"column":42}},"67":{"start":{"line":80,"column":44},"end":{"line":80,"column":71}},"68":{"start":{"line":80,"column":72},"end":{"line":80,"column":106}},"69":{"start":{"line":80,"column":107},"end":{"line":80,"column":158}},"70":{"start":{"line":81,"column":12},"end":{"line":81,"column":41}},"71":{"start":{"line":81,"column":43},"end":{"line":81,"column":69}},"72":{"start":{"line":81,"column":70},"end":{"line":81,"column":95}},"73":{"start":{"line":81,"column":96},"end":{"line":81,"column":129}},"74":{"start":{"line":81,"column":130},"end":{"line":81,"column":170}},"75":{"start":{"line":82,"column":13},"end":{"line":82,"column":42}},"76":{"start":{"line":82,"column":44},"end":{"line":82,"column":70}},"77":{"start":{"line":82,"column":71},"end":{"line":82,"column":111}},"78":{"start":{"line":82,"column":112},"end":{"line":82,"column":143}},"79":{"start":{"line":82,"column":144},"end":{"line":82,"column":170}},"80":{"start":{"line":82,"column":171},"end":{"line":82,"column":195}},"81":{"start":{"line":82,"column":196},"end":{"line":82,"column":225}},"82":{"start":{"line":83,"column":2},"end":{"line":83,"column":20}},"83":{"start":{"line":83,"column":21},"end":{"line":83,"column":38}},"84":{"start":{"line":83,"column":39},"end":{"line":83,"column":59}},"85":{"start":{"line":83,"column":60},"end":{"line":83,"column":76}},"86":{"start":{"line":83,"column":77},"end":{"line":83,"column":112}},"87":{"start":{"line":83,"column":113},"end":{"line":83,"column":181}},"88":{"start":{"line":83,"column":182},"end":{"line":83,"column":191}},"89":{"start":{"line":87,"column":4},"end":{"line":93,"column":7}},"90":{"start":{"line":88,"column":18},"end":{"line":88,"column":35}},"91":{"start":{"line":89,"column":18},"end":{"line":89,"column":47}},"92":{"start":{"line":90,"column":29},"end":{"line":90,"column":38}},"93":{"start":{"line":91,"column":2},"end":{"line":91,"column":61}},"94":{"start":{"line":92,"column":6},"end":{"line":92,"column":36}},"95":{"start":{"line":95,"column":4},"end":{"line":109,"column":7}},"96":{"start":{"line":96,"column":6},"end":{"line":96,"column":25}},"97":{"start":{"line":97,"column":19},"end":{"line":97,"column":74}},"98":{"start":{"line":98,"column":19},"end":{"line":98,"column":75}},"99":{"start":{"line":99,"column":6},"end":{"line":108,"column":32}},"100":{"start":{"line":100,"column":8},"end":{"line":107,"column":9}},"101":{"start":{"line":101,"column":23},"end":{"line":101,"column":52}},"102":{"start":{"line":102,"column":10},"end":{"line":102,"column":32}},"103":{"start":{"line":103,"column":10},"end":{"line":103,"column":26}},"104":{"start":{"line":104,"column":10},"end":{"line":104,"column":48}},"105":{"start":{"line":105,"column":15},"end":{"line":107,"column":9}},"106":{"start":{"line":106,"column":10},"end":{"line":106,"column":58}},"107":{"start":{"line":111,"column":4},"end":{"line":134,"column":7}},"108":{"start":{"line":112,"column":18},"end":{"line":112,"column":40}},"109":{"start":{"line":113,"column":18},"end":{"line":113,"column":37}},"110":{"start":{"line":114,"column":6},"end":{"line":118,"column":7}},"111":{"start":{"line":115,"column":8},"end":{"line":115,"column":27}},"112":{"start":{"line":116,"column":8},"end":{"line":116,"column":53}},"113":{"start":{"line":116,"column":23},"end":{"line":116,"column":35}},"114":{"start":{"line":116,"column":41},"end":{"line":116,"column":53}},"115":{"start":{"line":117,"column":8},"end":{"line":117,"column":15}},"116":{"start":{"line":119,"column":6},"end":{"line":124,"column":7}},"117":{"start":{"line":120,"column":8},"end":{"line":120,"column":27}},"118":{"start":{"line":121,"column":20},"end":{"line":121,"column":49}},"119":{"start":{"line":122,"column":8},"end":{"line":122,"column":32}},"120":{"start":{"line":123,"column":8},"end":{"line":123,"column":15}},"121":{"start":{"line":125,"column":6},"end":{"line":130,"column":7}},"122":{"start":{"line":126,"column":8},"end":{"line":126,"column":27}},"123":{"start":{"
[...]
{"line":14,"column":29},"end":{"line":14,"column":75}},"14":{"start":{"line":16,"column":6},"end":{"line":16,"column":24}},"15":{"start":{"line":17,"column":6},"end":{"line":17,"column":15}},"16":{"start":{"line":20,"column":4},"end":{"line":23,"column":5}},"17":{"start":{"line":21,"column":19},"end":{"line":21,"column":42}},"18":{"start":{"line":22,"column":6},"end":{"line":22,"column":85}},"19":{"start":{"line":22,"column":55},"end":{"line":22,"column":85}},"20":{"start":{"line":24,"column":4},"end":{"line":24,"column":80}},"21":{"start":{"line":24,"column":52},"end":{"line":24,"column":80}},"22":{"start":{"line":25,"column":4},"end":{"line":25,"column":102}},"23":{"start":{"line":25,"column":74},"end":{"line":25,"column":102}},"24":{"start":{"line":26,"column":4},"end":{"line":26,"column":42}},"25":{"start":{"line":26,"column":20},"end":{"line":26,"column":42}},"26":{"start":{"line":27,"column":4},"end":{"line":29,"column":5}},"27":{"start":{"line":28,"column":6},"end":{"line":28,"column":127}},"28":{"start":{"line":28,"column":46},"end":{"line":28,"column":123}},"29":{"start":{"line":28,"column":83},"end":{"line":28,"column":123}},"30":{"start":{"line":30,"column":4},"end":{"line":42,"column":5}},"31":{"start":{"line":32,"column":17},"end":{"line":32,"column":89}},"32":{"start":{"line":32,"column":45},"end":{"line":32,"column":88}},"33":{"start":{"line":33,"column":6},"end":{"line":36,"column":7}},"34":{"start":{"line":34,"column":18},"end":{"line":34,"column":43}},"35":{"start":{"line":34,"column":45},"end":{"line":34,"column":120}},"36":{"start":{"line":34,"column":57},"end":{"line":34,"column":95}},"37":{"start":{"line":34,"column":96},"end":{"line":34,"column":118}},"38":{"start":{"line":35,"column":8},"end":{"line":35,"column":47}},"39":{"start":{"line":35,"column":25},"end":{"line":35,"column":45}},"40":{"start":{"line":38,"column":6},"end":{"line":41,"column":9}},"41":{"start":{"line":39,"column":19},"end":{"line":39,"column":46}},"42":{"start":{"line":40,"column":8},"end":{"line":40,"column":82}},"43":{"start":{"line":40,"column":67},"end":{"line":40,"column":82}},"44":{"start":{"line":44,"column":2},"end":{"line":44,"column":35}},"45":{"start":{"line":44,"column":23},"end":{"line":44,"column":33}},"46":{"start":{"line":46,"column":2},"end":{"line":46,"column":102}},"47":{"start":{"line":46,"column":73},"end":{"line":46,"column":100}}},"fnMap":{"0":{"name":"normalize","decl":{"start":{"line":3,"column":16},"end":{"line":3,"column":25}},"loc":{"start":{"line":3,"column":31},"end":{"line":47,"column":1}},"line":3},"1":{"name":"(anonymous_1)","decl":{"start":{"line":11,"column":70},"end":{"line":11,"column":71}},"loc":{"start":{"line":11,"column":78},"end":{"line":11,"column":92}},"line":11},"2":{"name":"(anonymous_2)","decl":{"start":{"line":28,"column":40},"end":{"line":28,"column":41}},"loc":{"start":{"line":28,"column":44},"end":{"line":28,"column":125}},"line":28},"3":{"name":"(anonymous_3)","decl":{"start":{"line":32,"column":41},"end":{"line":32,"column":42}},"loc":{"start":{"line":32,"column":45},"end":{"line":32,"column":88}},"line":32},"4":{"name":"(anonymous_4)","decl":{"start":{"line":35,"column":21},"end":{"line":35,"column":22}},"loc":{"start":{"line":35,"column":25},"end":{"line":35,"column":45}},"line":35},"5":{"name":"(anonymous_5)","decl":{"start":{"line":38,"column":44},"end":{"line":38,"column":45}},"loc":{"start":{"line":38,"column":51},"end":{"line":41,"column":7}},"line":38},"6":{"name":"(anonymous_6)","decl":{"start":{"line":44,"column":19},"end":{"line":44,"column":20}},"loc":{"start":{"line":44,"column":23},"end":{"line":44,"column":33}},"line":44},"7":{"name":"(anonymous_7)","decl":{"start":{"line":46,"column":68},"end":{"line":46,"column":69}},"loc":{"start":{"line":46,"column":73},"end":{"line":46,"column":100}},"line":46}},"branchMap":{"0":{"loc":{"start":{"line":9,"column":2},"end":{"line":9,"column":75}},"type":"if","locations":[{"start":{"line":9,"column":2},"end":{"line":9,"column":75}},{"start":{},"end":{}}],"line":9},"1":{"loc":{"start":{"line":9,"column":5},"end":{"line":9,"column":41}},"type":"binary-expr","locations":[{"start":{"line":9,"column":5},"end":{"line":9,"column":21}},{"start":{"line":9,"column":25},"end":{"line":9,"column":41}}],"line":9},"2":{"loc":{"start":{"line":11,"column":2},"end":{"line":11,"column":93}},"type":"binary-expr","locations":[{"start":{"line":11,"column":2},"end":{"line":11,"column":21}},{"start":{"line":11,"column":25},"end":{"line":11,"column":93}}],"line":11},"3":{"loc":{"start":{"line":12,"column":4},"end":{"line":18,"column":5}},"type":"if","locations":[{"start":{"line":12,"column":4},"end":{"line":18,"column":5}},{"start":{},"end":{}}],"line":12},"4":{"loc":{"start":{"line":13,"column":6},"end":{"line":15,"column":7}},"type":"if","locations":[{"start":{"line":13,"column":6},"end":{"line":15,"column":7}},{"start":{},"end":{}}],"line":13},"5":{"loc":{"start":{"line":22,"column":6},"end":{"line":22,"column":85}},"type":"if","locations":[{"start":{"line":22,"column":6},"end":{"line":22,"column":85}},{"start":{},"end":{}}],"line":22},"6":{"loc":{"start":{"line":22,"column":9},"end":{"line":22,"column":53}},"type":"binary-expr","locations":[{"start":{"line":22,"column":9},"end":{"line":22,"column":25}},{"start":{"line":22,"column":29},"end":{"line":22,"column":53}}],"line":22},"7":{"loc":{"start":{"line":24,"column":4},"end":{"line":24,"column":80}},"type":"if","locations":[{"start":{"line":24,"column":4},"end":{"line":24,"column":80}},{"start":{},"end":{}}],"line":24},"8":{"loc":{"start":{"line":24,"column":7},"end":{"line":24,"column":50}},"type":"binary-expr","locations":[{"start":{"line":24,"column":7},"end":{"line":24,"column":22}},{"start":{"line":24,"column":26},"end":{"line":24,"column":50}}],"line":24},"9":{"loc":{"start":{"line":25,"column":4},"end":{"line":25,"column":102}},"type":"if","locations":[{"start":{"line":25,"column":4},"end":{"line":25,"column":102}},{"start":{},"end":{}}],"line":25},"10":{"loc":{"start":{"line":25,"column":7},"end":{"line":25,"column":72}},"type":"binary-expr","locations":[{"start":{"line":25,"column":7},"end":{"line":25,"column":25}},{"start":{"line":25,"column":29},"end":{"line":25,"column":44}},{"start":{"line":25,"column":48},"end":{"line":25,"column":72}}],"line":25},"11":{"loc":{"start":{"line":26,"column":4},"end":{"line":26,"column":42}},"type":"if","locations":[{"start":{"line":26,"column":4},"end":{"line":26,"column":42}},{"start":{},"end":{}}],"line":26},"12":{"loc":{"start":{"line":27,"column":4},"end":{"line":29,"column":5}},"type":"if","locations":[{"start":{"line":27,"column":4},"end":{"line":29,"column":5}},{"start":{},"end":{}}],"line":27},"13":{"loc":{"start":{"line":27,"column":7},"end":{"line":27,"column":62}},"type":"binary-expr","locations":[{"start":{"line":27,"column":7},"end":{"line":27,"column":19}},{"start":{"line":27,"column":23},"end":{"line":27,"column":62}}],"line":27},"14":{"loc":{"start":{"line":28,"column":46},"end":{"line":28,"column":123}},"type":"if","locations":[{"start":{"line":28,"column":46},"end":{"line":28,"column":123}},{"start":{},"end":{}}],"line":28},"15":{"loc":{"start":{"line":30,"column":4},"end":{"line":42,"column":5}},"type":"if","locations":[{"start":{"line":30,"column":4},"end":{"line":42,"column":5}},{"start":{},"end":{}}],"line":30},"16":{"loc":{"start":{"line":32,"column":45},"end":{"line":32,"column":88}},"type":"binary-expr","locations":[{"start":{"line":32,"column":45},"end":{"line":32,"column":54}},{"start":{"line":32,"column":58},"end":{"line":32,"column":88}}],"line":32},"17":{"loc":{"start":{"line":33,"column":6},"end":{"line":36,"column":7}},"type":"if","locations":[{"start":{"line":33,"column":6},"end":{"line":36,"column":7}},{"start":{},"end":{}}],"line":33},"18":{"loc":{"start":{"line":34,"column":45},"end":{"line":34,"column":120}},"type":"if","locations":[{"start":{"line":34,"column":45},"end":{"line":34,"column":120}},{"start":{},"end":{}}],"line":34},"19":{"loc":{"start":{"line":40,"column":8},"end":{"line":40,"column":82}},"type":"if","locations":[{"start":{"line":40,"column":8},"end":{"line":40,"column":82}},{"start":{},"end":{}}],"line":40},"20":{"loc":{"start":{"line":46,"column":2},"end":{"line":46,"column":101}},"type":"binary-expr","locations":[{"start":{"line":46,"column":2},"end":{"line":46,"column":23}},{"start":{"line":46,"column":27},"end":{"line":46,"column":101}}],"line":46}},"s":{"0":21,"1":21,"2":21,"3":42,"4":42,"5":42,"6":0,"7":0,"8":42,"9":3,"10":42,"11":1,"12":1,"13":1,"14":1,"15":1,"16":41,"17":10,"18":10,"19":0,"20":41,"21":0,"22":41,"23":0,"24":41,"25":4,"26":41,"27":1,"28":1,"29":0,"30":41,"31":1,"32":2,"33":1,"34":0,"35":0,"36":0,"37":0,"38":0,"39":0,"40":1,"41":6,"42":6,"43":0,"44":21,"45":1,"46":21,"47":1},"f":{"0":21,"1":3,"2":1,"3":2,"4":0,"5":6,"6":1,"7":1},"b":{"0":[0,42],"1":[42,42],"2":[42,42],"3":[1,41],"4":[1,0],"5":[0,10],"6":[10,10],"7":[0,41],"8":[41,41],"9":[0,41],"10":[41,2,2],"11":[4,37],"12":[1,40],"13":[41,5],"14":[0,1],"15":[1,40],"16":[2,2],"17":[0,1],"18":[0,0],"19":[0,6],"20":[21,21]},"_coverageSchema":"1a1c01bbd47fc00a2c39e90264f33305004495a9","hash":"805d841dc74b47cd4d11e84794dd92319486b5a6"}
,"C:\\Users\\jnort\\OneDrive\\Documents\\GitHub\\EdNotes\\src\\EdNotes.RichText\\wwwroot\\editor\\core\\Schema.js": {"path":"C:\\Users\\jnort\\OneDrive\\Documents\\GitHub\\EdNotes\\src\\EdNotes.RichText\\wwwroot\\editor\\core\\Schema.js","statementMap":{"0":{"start":{"line":2,"column":30},"end":{"line":2,"column":144}},"1":{"start":{"line":3,"column":29},"end":{"line":3,"column":61}},"2":{"start":{"line":4,"column":29},"end":{"line":4,"column":108}},"3":{"start":{"line":5,"column":35},"end":{"line":5,"column":61}},"4":{"start":{"line":7,"column":35},"end":{"line":7,"column":59}},"5":{"start":{"line":7,"column":60},"end":{"line":7,"column":117}},"6":{"start":{"line":10,"column":2},"end":{"line":10,"column":37}},"7":{"start":{"line":10,"column":30},"end":{"line":10,"column":37}},"8":{"start":{"line":11,"column":13},"end":{"line":11,"column":35}},"9":{"start":{"line":13,"column":23},"end":{"line":13,"column":27}},"10":{"start":{"line":14,"column":2},"end":{"line":14,"column":21}},"11":{"start":{"line":16,"column":2},"end":{"line":16,"column":82}},"12":{"start":{"line":16,"column":8},"end":{"line":16,"column":40}},"13":{"start":{"line":18,"column":2},"end":{"line":18,"column":71}},"14":{"start":{"line":18,"column":35},"end":{"line":18,"column":61}},"15":{"start":{"line":18,"column":62},"end":{"line":18,"column":69}},"16":{"start":{"line":19,"column":2},"end":{"line":19,"column":76}},"17":{"start":{"line":19,"column":40},"end":{"line":19,"column":66}},"18":{"start":{"line":19,"column":67},"end":{"line":19,"column":74}},"19":{"start":{"line":20,"column":2},"end":{"line":20,"column":57}},"20":{"start":{"line":20,"column":28},"end":{"line":20,"column":57}},"21":{"start":{"line":21,"column":2},"end":{"line":21,"column":36}},"22":{"start":{"line":22,"column":2},"end":{"line":22,"column":46}}},"fnMap":{"0":{"name":"isAllowedTag","decl":{"start":{"line":7,"column":16},"end":{"line":7,"column":28}},"loc":{"start":{"line":7,"column":33},"end":{"line":7,"column":119}},"line":7},"1":{"name":"enforceLinkPolicy","decl":{"start":{"line":9,"column":16},"end":{"line":9,"column":33}},"loc":{"start":{"line":9,"column":36},"end":{"line":23,"column":1}},"line":9}},"branchMap":{"0":{"loc":{"start":{"line":7,"column":67},"end":{"line":7,"column":116}},"type":"binary-expr","locations":[{"start":{"line":7,"column":67},"end":{"line":7,"column":90}},{"start":{"line":7,"column":94},"end":{"line":7,"column":116}}],"line":7},"1":{"loc":{"start":{"line":10,"column":2},"end":{"line":10,"column":37}},"type":"if","locations":[{"start":{"line":10,"column":2},"end":{"line":10,"column":37}},{"start":{},"end":{}}],"line":10},"2":{"loc":{"start":{"line":18,"column":2},"end":{"line":18,"column":71}},"type":"if","locations":[{"start":{"line":18,"column":2},"end":{"line":18,"column":71}},{"start":{},"end":{}}],"line":18},"3":{"loc":{"start":{"line":19,"column":2},"end":{"line":19,"column":76}},"type":"if","locations":[{"start":{"line":19,"column":2},"end":{"line":19,"column":76}},{"start":{},"end":{}}],"line":19},"4":{"loc":{"start":{"line":20,"column":2},"end":{"line":20,"column":57}},"type":"if","locations":[{"start":{"line":20,"column":2},"end":{"line":20,"column":57}},{"start":{},"end":{}}],"line":20}},"s":{"0":8,"1":8,"2":8,"3":8,"4":42,"5":42,"6":5,"7":0,"8":5,"9":5,"10":5,"11":5,"12":5,"13":5,"14":2,"15":2,"16":3,"17":0,"18":0,"19":3,"20":0,"21":3,"22":3},"f":{"0":42,"1":5},"b":{"0":[42,6],"1":[0,5],"2":[2,3],"3":[0,3],"4":[0,3]},"_coverageSchema":"1a1c01bbd47fc00a2c39e90264f33305004495a9","hash":"63278a3c83990a435174fdc48158ef235cfc2ad8"}
,"C:\\Users\\jnort\\OneDrive\\Documents\\GitHub\\EdNotes\\src\\EdNotes.RichText\\wwwroot\\editor\\core\\Selection.js": {"path":"C:\\Users\\jnort\\OneDrive\\Documents\\GitHub\\EdNotes\\src\\EdNotes.RichText\\wwwroot\\editor\\core\\Selection.js","statementMap":{"0":{"start":{"line":3,"column":14},"end":{"line":3,"column":37}},"1":{"start":{"line":4,"column":2},"end":{"line":4,"column":45}},"2":{"start":{"line":4,"column":33},"end":{"line":4,"column":45}},"3":{"start":{"line":5,"column":16},"end":{"line":5,"column":33}},"4":{"start":{"line":6,"column":2},"end":{"line":6,"column":133}},"5":{"start":{"line":10,"column":2},"end":{"line":10,"column":23}},"6":{"start":{"line":10,"column":16},"end":{"line":10,"column":23}},"7":{"start":{"line":11,"column":14},"end":{"line":11,"column":37}},"8":{"start":{"line":11,"column":39},"end":{"line":11,"column":55}},"9":{"start":{"line":11,"column":48},"end":{"line":11,"column":55}},"10":{"start":{"line":12,"column":16},"end":{"line":12,"column":38}},"11":{"start":{"line":13,"column":17},"end":{"line":13,"column":52}},"12":{"start":{"line":13,"column":68},"end":{"line":13,"column":102}},"13":{"start":{"line":14,"column":2},"end":{"line":14,"column":31}},"14":{"start":{"line":14,"column":24},"end":{"line":14,"column":31}},"15":{"start":{"line":15,"column":2},"end":{"line":15,"column":83}},"16":{"start":{"line":16,"column":2},"end":{"line":16,"column":78}},"17":{"start":{"line":17,"column":2},"end":{"line":17,"column":24}},"18":{"start":{"line":17,"column":25},"end":{"line":17,"column":45}},"19":{"start":{"line":21,"column":13},"end":{"line":21,"column":15}},"20":{"start":{"line":21,"column":23},"end":{"line":21,"column":27}},"21":{"start":{"line":22,"column":2},"end":{"line":22,"column":158}},"22":{"start":{"line":22,"column":37},"end":{"line":22,"column":49}},"23":{"start":{"line":22,"column":51},"end":{"line":22,"column":69}},"24":{"start":{"line":22,"column":63},"end":{"line":22,"column":69}},"25":{"start":{"line":22,"column":80},"end":{"line":22,"column":129}},"26":{"start":{"line":22,"column":131},"end":{"line":22,"column":146}},"27":{"start":{"line":22,"column":147},"end":{"line":22,"column":156}},"28":{"start":{"line":23,"column":2},"end":{"line":23,"column":34}},"29":{"start":{"line":25,"column":35},"end":{"line":25,"column":57}},"30":{"start":{"line":25,"column":45},"end":{"line":25,"column":57}},"31":{"start":{"line":25,"column":67},"end":{"line":25,"column":71}},"32":{"start":{"line":25,"column":83},"end":{"line":25,"column":100}},"33":{"start":{"line":25,"column":102},"end":{"line":25,"column":197}},"34":{"start":{"line":25,"column":131},"end":{"line":25,"column":142}},"35":{"start":{"line":25,"column":144},"end":{"line":25,"column":172}},"36":{"start":{"line":25,"column":173},"end":{"line":25,"column":195}},"37":{"start":{"line":25,"column":183},"end":{"line":25,"column":195}},"38":{"start":{"line":25,"column":211},"end":{"line":25,"column":277}},"39":{"start":{"line":25,"column":279},"end":{"line":25,"column":380}}},"fnMap":{"0":{"name":"captureBookmark","decl":{"start":{"line":2,"column":16},"end":{"line":2,"column":31}},"loc":{"start":{"line":2,"column":37},"end":{"line":7,"column":1}},"line":2},"1":{"name":"restoreBookmark","decl":{"start":{"line":9,"column":16},"end":{"line":9,"column":31}},"loc":{"start":{"line":9,"column":47},"end":{"line":18,"column":1}},"line":9},"2":{"name":"pathTo","decl":{"start":{"line":20,"column":9},"end":{"line":20,"column":15}},"loc":{"start":{"line":20,"column":35},"end":{"line":24,"column":1}},"line":20},"3":{"name":"nodeFromPath","decl":{"start":{"line":25,"column":9},"end":{"line":25,"column":21}},"loc":{"start":{"line":25,"column":33},"end":{"line":25,"column":382}},"line":25}},"branchMap":{"0":{"loc":{"start":{"line":4,"column":2},"end":{"line":4,"column":45}},"type":"if","locations":[{"start":{"line":4,"column":2},"end":{"line":4,"column":45}},{"start":{},"end":{}}],"line":4},"1":{"loc":{"start":{"line":4,"column":5},"end":{"line":4,"column":31}},"type":"binary-expr","locations":[{"start":{"line":4,"column":5},"end":{"line":4,"column":9}},{"start":{"line":4,"column":13},"end":{"line":4,"column":31}}],"line":4},"2":{"loc":{"start":{"line":10,"column":2},"end":{"line":10,"column":23}},"type":"if","locations":[{"start":{"line":10,"column":2},"end":{"line":10,"column":23}},{"start":{},"end":{}}],"line":10},"3":{"loc":{"start":{"line":11,"column":39},"end":{"line":11,"column":55}},"type":"if","locations":[{"start":{"line":11,"column":39},"end":{"line":11,"column":55}},{"start":{},"end":{}}],"line":11},"4":{"loc":{"start":{"line":14,"column":2},"end":{"line":14,"column":31}},"type":"if","locations":[{"start":{"line":14,"column":2},"end":{"line":14,"column":31}},{"start":{},"end":{}}],"line":14},"5":{"loc":{"start":{"line":14,"column":5},"end":{"line":14,"column":22}},"type":"binary-expr","locations":[{"start":{"line":14,"column":5},"end":{"line":14,"column":12}},{"start":{"line":14,"column":16},"end":{"line":14,"column":22}}],"line":14},"6":{"loc":{"start":{"line":22,"column":8},"end":{"line":22,"column":21}},"type":"binary-expr","locations":[{"start":{"line":22,"column":8},"end":{"line":22,"column":9}},{"start":{"line":22,"column":13},"end":{"line":22,"column":21}}],"line":22},"7":{"loc":{"start":{"line":22,"column":51},"end":{"line":22,"column":69}},"type":"if","locations":[{"start":{"line":22,"column":51},"end":{"line":22,"column":69}},{"start":{},"end":{}}],"line":22},"8":{"loc":{"start":{"line":25,"column":35},"end":{"line":25,"column":57}},"type":"if","locations":[{"start":{"line":25,"column":35},"end":{"line":25,"column":57}},{"start":{},"end":{}}],"line":25},"9":{"loc":{"start":{"line":25,"column":173},"end":{"line":25,"column":195}},"type":"if","locations":[{"start":{"line":25,"column":173},"end":{"line":25,"column":195}},{"start":{},"end":{}}],"line":25},"10":{"loc":{"start":{"line":25,"column":211},"end":{"line":25,"column":277}},"type":"cond-expr","locations":[{"start":{"line":25,"column":259},"end":{"line":25,"column":273}},{"start":{"line":25,"column":276},"end":{"line":25,"column":277}}],"line":25},"11":{"loc":{"start":{"line":25,"column":212},"end":{"line":25,"column":255}},"type":"binary-expr","locations":[{"start":{"line":25,"column":212},"end":{"line":25,"column":237}},{"start":{"line":25,"column":241},"end":{"line":25,"column":255}}],"line":25},"12":{"loc":{"start":{"line":25,"column":306},"end":{"line":25,"column":377}},"type":"cond-expr","locations":[{"start":{"line":25,"column":329},"end":{"line":25,"column":352}},{"start":{"line":25,"column":355},"end":{"line":25,"column":377}}],"line":25}},"s":{"0":19,"1":19,"2":8,"3":11,"4":11,"5":19,"6":8,"7":11,"8":11,"9":0,"10":11,"11":11,"12":11,"13":11,"14":1,"15":10,"16":10,"17":10,"18":10,"19":22,"20":22,"21":22,"22":41,"23":41,"24":0,"25":41,"26":41,"27":41,"28":22,"29":22,"30":0,"31":22,"32":22,"33":22,"34":41,"35":41,"36":41,"37":2,"38":20,"39":20},"f":{"0":19,"1":19,"2":22,"3":22},"b":{"0":[8,11],"1":[19,19],"2":[8,11],"3":[0,11],"4":[1,10],"5":[11,10],"6":[63,63],"7":[0,41],"8":[0,22],"9":[2,39],"10":[20,0],"11":[20,20],"12":[9,11]},"_coverageSchema":"1a1c01bbd47fc00a2c39e90264f33305004495a9","hash":"9b87cf6293df527be7a2ddd543c2c92acbd37122"}
}
