TN:
SF:src\EdNotes.RichText\wwwroot\editor\ednotes.richtext.bundle.js
FN:8,_all
FN:10,mountToolbar
FN:28,(anonymous_2)
FN:31,(anonymous_3)
FN:32,(anonymous_4)
FN:37,(anonymous_5)
FN:45,(anonymous_6)
FN:46,(anonymous_7)
FN:65,(anonymous_8)
FN:65,(anonymous_9)
FN:66,(anonymous_10)
FN:66,(anonymous_11)
FN:67,(anonymous_12)
FN:67,(anonymous_13)
FN:68,(anonymous_14)
FN:68,(anonymous_15)
FN:69,(anonymous_16)
FN:69,(anonymous_17)
FN:74,blockCommand
FN:75,(anonymous_19)
FN:88,listCommand
FN:89,(anonymous_21)
FN:99,(anonymous_22)
FN:110,linkAddCommand
FN:111,(anonymous_24)
FN:124,linkRemoveCommand
FN:125,(anonymous_26)
FN:131,(anonymous_27)
FN:135,taskListCommand
FN:136,(anonymous_29)
FN:143,(anonymous_30)
FN:144,(anonymous_31)
FNF:32
FNH:19
FNDA:6,_all
FNDA:8,mountToolbar
FNDA:96,(anonymous_2)
FNDA:6,(anonymous_3)
FNDA:0,(anonymous_4)
FNDA:0,(anonymous_5)
FNDA:8,(anonymous_6)
FNDA:8,(anonymous_7)
FNDA:12,(anonymous_8)
FNDA:12,(anonymous_9)
FNDA:0,(anonymous_10)
FNDA:0,(anonymous_11)
FNDA:0,(anonymous_12)
FNDA:0,(anonymous_13)
FNDA:0,(anonymous_14)
FNDA:0,(anonymous_15)
FNDA:0,(anonymous_16)
FNDA:0,(anonymous_17)
FNDA:32,blockCommand
FNDA:2,(anonymous_19)
FNDA:16,listCommand
FNDA:1,(anonymous_21)
FNDA:0,(anonymous_22)
FNDA:8,linkAddCommand
FNDA:1,(anonymous_24)
FNDA:8,linkRemoveCommand
FNDA:1,(anonymous_26)
FNDA:1,(anonymous_27)
FNDA:8,taskListCommand
FNDA:1,(anonymous_29)
FNDA:0,(anonymous_30)
FNDA:0,(anonymous_31)
DA:7,8
DA:8,6
DA:11,8
DA:12,8
DA:13,8
DA:27,8
DA:28,8
DA:29,96
DA:30,96
DA:31,96
DA:32,96
DA:33,0
DA:34,0
DA:35,0
DA:36,0
DA:37,0
DA:40,96
DA:44,8
DA:46,8
DA:47,8
DA:48,8
DA:49,8
DA:50,8
DA:51,8
DA:52,8
DA:53,8
DA:54,8
DA:55,8
DA:56,8
DA:57,8
DA:58,8
DA:59,8
DA:60,8
DA:61,8
DA:62,8
DA:65,12
DA:66,0
DA:67,0
DA:68,0
DA:69,0
DA:75,32
DA:76,2
DA:77,2
DA:78,2
DA:79,2
DA:80,2
DA:81,2
DA:82,2
DA:83,2
DA:84,2
DA:85,2
DA:89,16
DA:90,1
DA:91,1
DA:92,1
DA:93,1
DA:94,1
DA:95,1
DA:96,1
DA:97,1
DA:98,0
DA:99,0
DA:100,0
DA:102,0
DA:104,1
DA:105,1
DA:106,1
DA:111,8
DA:112,1
DA:113,1
DA:114,1
DA:115,1
DA:116,1
DA:117,1
DA:119,1
DA:121,1
DA:125,8
DA:126,1
DA:127,1
DA:128,1
DA:129,1
DA:130,1
DA:131,1
DA:136,8
DA:137,1
DA:138,1
DA:139,1
DA:140,1
DA:141,1
DA:142,1
DA:143,0
DA:144,1
DA:146,1
DA:147,1
DA:151,8
LF:95
LH:81
BRDA:12,0,0,0
BRDA:12,0,1,8
BRDA:30,1,0,8
BRDA:30,1,1,88
BRDA:33,2,0,0
BRDA:33,2,1,0
BRDA:33,3,0,0
BRDA:33,3,1,0
BRDA:35,4,0,0
BRDA:35,4,1,0
BRDA:36,5,0,0
BRDA:36,5,1,0
BRDA:36,6,0,0
BRDA:36,6,1,0
BRDA:45,7,0,6
BRDA:47,8,0,0
BRDA:47,8,1,8
BRDA:76,9,0,0
BRDA:76,9,1,2
BRDA:76,10,0,2
BRDA:76,10,1,2
BRDA:79,11,0,4
BRDA:79,11,1,4
BRDA:79,11,2,4
BRDA:80,12,0,2
BRDA:80,12,1,2
BRDA:81,13,0,0
BRDA:81,13,1,2
BRDA:82,14,0,0
BRDA:82,14,1,2
BRDA:82,15,0,2
BRDA:82,15,1,2
BRDA:84,16,0,2
BRDA:84,16,1,0
BRDA:90,17,0,0
BRDA:90,17,1,1
BRDA:90,18,0,1
BRDA:90,18,1,1
BRDA:93,19,0,2
BRDA:93,19,1,2
BRDA:93,19,2,2
BRDA:94,20,0,1
BRDA:94,20,1,1
BRDA:95,21,0,0
BRDA:95,21,1,1
BRDA:96,22,0,1
BRDA:96,22,1,0
BRDA:97,23,0,0
BRDA:97,23,1,1
BRDA:97,24,0,1
BRDA:97,24,1,1
BRDA:100,25,0,0
BRDA:100,25,1,0
BRDA:105,26,0,1
BRDA:105,26,1,0
BRDA:112,27,0,0
BRDA:112,27,1,1
BRDA:112,28,0,1
BRDA:112,28,1,1
BRDA:113,29,0,1
BRDA:113,29,1,0
BRDA:113,30,0,1
BRDA:113,30,1,1
BRDA:113,31,0,0
BRDA:113,31,1,0
BRDA:114,32,0,0
BRDA:114,32,1,1
BRDA:117,33,0,0
BRDA:117,33,1,1
BRDA:126,34,0,0
BRDA:126,34,1,1
BRDA:126,35,0,1
BRDA:126,35,1,1
BRDA:127,36,0,1
BRDA:127,36,1,0
BRDA:128,37,0,2
BRDA:128,37,1,2
BRDA:128,37,2,2
BRDA:128,37,3,1
BRDA:129,38,0,1
BRDA:129,38,1,0
BRDA:129,39,0,1
BRDA:129,39,1,1
BRDA:129,39,2,1
BRDA:137,40,0,0
BRDA:137,40,1,1
BRDA:137,41,0,1
BRDA:137,41,1,1
BRDA:138,42,0,2
BRDA:138,42,1,2
BRDA:138,42,2,2
BRDA:139,43,0,1
BRDA:139,43,1,1
BRDA:140,44,0,0
BRDA:140,44,1,1
BRDA:141,45,0,1
BRDA:141,45,1,0
BRDA:142,46,0,0
BRDA:142,46,1,1
BRDA:142,47,0,1
BRDA:142,47,1,0
BRDA:144,48,0,0
BRDA:144,48,1,1
BRDA:144,49,0,0
BRDA:144,49,1,0
BRDA:147,50,0,1
BRDA:147,50,1,0
BRDA:151,51,0,8
BRDA:151,51,1,0
BRF:109
BRH:67
end_of_record
TN:
SF:src\EdNotes.RichText\wwwroot\editor\yourorg.richtext.bundle.js
FN:6,_all
FN:8,mountToolbar
FN:25,(anonymous_2)
FN:28,(anonymous_3)
FN:29,(anonymous_4)
FN:34,(anonymous_5)
FN:40,(anonymous_6)
FN:43,(anonymous_7)
FN:46,(anonymous_8)
FN:48,(anonymous_9)
FN:61,(anonymous_10)
FN:62,(anonymous_11)
FN:83,(anonymous_12)
FN:83,(anonymous_13)
FN:84,(anonymous_14)
FN:84,(anonymous_15)
FN:85,(anonymous_16)
FN:85,(anonymous_17)
FN:86,(anonymous_18)
FN:86,(anonymous_19)
FN:87,(anonymous_20)
FN:87,(anonymous_21)
FN:92,blockCommand
FN:93,(anonymous_23)
FN:108,listCommand
FN:109,(anonymous_25)
FN:120,(anonymous_26)
FN:133,linkAddCommand
FN:134,(anonymous_28)
FN:147,linkRemoveCommand
FN:148,(anonymous_30)
FN:154,(anonymous_31)
FN:158,taskListCommand
FN:159,(anonymous_33)
FN:167,(anonymous_34)
FN:168,(anonymous_35)
FN:178,(anonymous_36)
FNF:37
FNH:0
FNDA:0,_all
FNDA:0,mountToolbar
FNDA:0,(anonymous_2)
FNDA:0,(anonymous_3)
FNDA:0,(anonymous_4)
FNDA:0,(anonymous_5)
FNDA:0,(anonymous_6)
FNDA:0,(anonymous_7)
FNDA:0,(anonymous_8)
FNDA:0,(anonymous_9)
FNDA:0,(anonymous_10)
FNDA:0,(anonymous_11)
FNDA:0,(anonymous_12)
FNDA:0,(anonymous_13)
FNDA:0,(anonymous_14)
FNDA:0,(anonymous_15)
FNDA:0,(anonymous_16)
FNDA:0,(anonymous_17)
FNDA:0,(anonymous_18)
FNDA:0,(anonymous_19)
FNDA:0,(anonymous_20)
FNDA:0,(anonymous_21)
FNDA:0,blockCommand
FNDA:0,(anonymous_23)
FNDA:0,listCommand
FNDA:0,(anonymous_25)
FNDA:0,(anonymous_26)
FNDA:0,linkAddCommand
FNDA:0,(anonymous_28)
FNDA:0,linkRemoveCommand
FNDA:0,(anonymous_30)
FNDA:0,(anonymous_31)
FNDA:0,taskListCommand
FNDA:0,(anonymous_33)
FNDA:0,(anonymous_34)
FNDA:0,(anonymous_35)
FNDA:0,(anonymous_36)
DA:5,0
DA:6,0
DA:9,0
DA:10,0
DA:24,0
DA:25,0
DA:26,0
DA:27,0
DA:28,0
DA:29,0
DA:30,0
DA:31,0
DA:32,0
DA:33,0
DA:34,0
DA:37,0
DA:40,0
DA:41,0
DA:42,0
DA:43,0
DA:44,0
DA:45,0
DA:46,0
DA:47,0
DA:48,0
DA:49,0
DA:50,0
DA:51,0
DA:56,0
DA:57,0
DA:60,0
DA:62,0
DA:63,0
DA:64,0
DA:66,0
DA:67,0
DA:68,0
DA:70,0
DA:71,0
DA:72,0
DA:73,0
DA:74,0
DA:75,0
DA:76,0
DA:77,0
DA:78,0
DA:79,0
DA:80,0
DA:83,0
DA:84,0
DA:85,0
DA:86,0
DA:87,0
DA:93,0
DA:95,0
DA:96,0
DA:97,0
DA:98,0
DA:99,0
DA:100,0
DA:101,0
DA:102,0
DA:103,0
DA:104,0
DA:109,0
DA:110,0
DA:111,0
DA:112,0
DA:113,0
DA:114,0
DA:115,0
DA:116,0
DA:117,0
DA:119,0
DA:120,0
DA:121,0
DA:123,0
DA:126,0
DA:127,0
DA:128,0
DA:134,0
DA:135,0
DA:136,0
DA:137,0
DA:138,0
DA:139,0
DA:140,0
DA:142,0
DA:144,0
DA:148,0
DA:149,0
DA:150,0
DA:151,0
DA:152,0
DA:153,0
DA:154,0
DA:159,0
DA:161,0
DA:162,0
DA:163,0
DA:164,0
DA:165,0
DA:166,0
DA:167,0
DA:168,0
DA:171,0
DA:172,0
DA:178,0
DA:180,0
LF:109
LH:0
BRDA:27,0,0,0
BRDA:27,0,1,0
BRDA:30,1,0,0
BRDA:30,1,1,0
BRDA:30,2,0,0
BRDA:30,2,1,0
BRDA:32,3,0,0
BRDA:32,3,1,0
BRDA:33,4,0,0
BRDA:33,4,1,0
BRDA:33,5,0,0
BRDA:33,5,1,0
BRDA:41,6,0,0
BRDA:41,6,1,0
BRDA:41,7,0,0
BRDA:41,7,1,0
BRDA:42,8,0,0
BRDA:42,8,1,0
BRDA:42,9,0,0
BRDA:42,9,1,0
BRDA:42,10,0,0
BRDA:42,10,1,0
BRDA:44,11,0,0
BRDA:44,11,1,0
BRDA:45,12,0,0
BRDA:45,12,1,0
BRDA:45,13,0,0
BRDA:45,13,1,0
BRDA:47,14,0,0
BRDA:47,14,1,0
BRDA:49,15,0,0
BRDA:49,15,1,0
BRDA:49,16,0,0
BRDA:49,16,1,0
BRDA:49,16,2,0
BRDA:50,17,0,0
BRDA:50,17,1,0
BRDA:50,18,0,0
BRDA:50,18,1,0
BRDA:50,18,2,0
BRDA:50,18,3,0
BRDA:51,19,0,0
BRDA:51,19,1,0
BRDA:51,20,0,0
BRDA:51,20,1,0
BRDA:61,21,0,0
BRDA:63,22,0,0
BRDA:63,22,1,0
BRDA:95,23,0,0
BRDA:95,23,1,0
BRDA:95,24,0,0
BRDA:95,24,1,0
BRDA:98,25,0,0
BRDA:98,25,1,0
BRDA:98,25,2,0
BRDA:99,26,0,0
BRDA:99,26,1,0
BRDA:100,27,0,0
BRDA:100,27,1,0
BRDA:101,28,0,0
BRDA:101,28,1,0
BRDA:101,29,0,0
BRDA:101,29,1,0
BRDA:103,30,0,0
BRDA:103,30,1,0
BRDA:110,31,0,0
BRDA:110,31,1,0
BRDA:110,32,0,0
BRDA:110,32,1,0
BRDA:113,33,0,0
BRDA:113,33,1,0
BRDA:113,33,2,0
BRDA:114,34,0,0
BRDA:114,34,1,0
BRDA:115,35,0,0
BRDA:115,35,1,0
BRDA:116,36,0,0
BRDA:116,36,1,0
BRDA:117,37,0,0
BRDA:117,37,1,0
BRDA:117,38,0,0
BRDA:117,38,1,0
BRDA:121,39,0,0
BRDA:121,39,1,0
BRDA:127,40,0,0
BRDA:127,40,1,0
BRDA:135,41,0,0
BRDA:135,41,1,0
BRDA:135,42,0,0
BRDA:135,42,1,0
BRDA:136,43,0,0
BRDA:136,43,1,0
BRDA:136,44,0,0
BRDA:136,44,1,0
BRDA:136,45,0,0
BRDA:136,45,1,0
BRDA:137,46,0,0
BRDA:137,46,1,0
BRDA:140,47,0,0
BRDA:140,47,1,0
BRDA:149,48,0,0
BRDA:149,48,1,0
BRDA:149,49,0,0
BRDA:149,49,1,0
BRDA:150,50,0,0
BRDA:150,50,1,0
BRDA:151,51,0,0
BRDA:151,51,1,0
BRDA:151,51,2,0
BRDA:151,51,3,0
BRDA:152,52,0,0
BRDA:152,52,1,0
BRDA:152,53,0,0
BRDA:152,53,1,0
BRDA:152,53,2,0
BRDA:161,54,0,0
BRDA:161,54,1,0
BRDA:161,55,0,0
BRDA:161,55,1,0
BRDA:162,56,0,0
BRDA:162,56,1,0
BRDA:162,56,2,0
BRDA:163,57,0,0
BRDA:163,57,1,0
BRDA:164,58,0,0
BRDA:164,58,1,0
BRDA:165,59,0,0
BRDA:165,59,1,0
BRDA:166,60,0,0
BRDA:166,60,1,0
BRDA:166,61,0,0
BRDA:166,61,1,0
BRDA:168,62,0,0
BRDA:168,62,1,0
BRDA:168,63,0,0
BRDA:168,63,1,0
BRDA:172,64,0,0
BRDA:172,64,1,0
BRDA:178,65,0,0
BRDA:178,65,1,0
BRDA:180,66,0,0
BRDA:180,66,1,0
BRF:142
BRH:0
end_of_record
TN:
SF:src\EdNotes.RichText\wwwroot\editor\core\CommandBus.js
FN:5,(anonymous_0)
FN:6,(anonymous_1)
FN:7,(anonymous_2)
FN:7,(anonymous_3)
FN:25,markCommand
FN:26,(anonymous_5)
FN:58,(anonymous_6)
FN:64,(anonymous_7)
FN:68,(anonymous_8)
FN:78,(anonymous_9)
FN:85,(anonymous_10)
FN:87,(anonymous_11)
FN:91,(anonymous_12)
FN:95,(anonymous_13)
FN:99,(anonymous_14)
FN:111,(anonymous_15)
FN:138,(anonymous_16)
FN:147,(anonymous_17)
FN:161,(anonymous_18)
FN:166,(anonymous_19)
FN:171,(anonymous_20)
FN:178,(anonymous_21)
FN:185,(anonymous_22)
FN:202,(anonymous_23)
FN:213,(anonymous_24)
FN:219,(anonymous_25)
FN:223,(anonymous_26)
FN:224,(anonymous_27)
FN:225,(anonymous_28)
FN:228,(anonymous_29)
FN:231,(anonymous_30)
FN:240,(anonymous_31)
FN:243,(anonymous_32)
FN:250,(anonymous_33)
FNF:34
FNH:24
FNDA:8,(anonymous_0)
FNDA:104,(anonymous_1)
FNDA:12,(anonymous_2)
FNDA:12,(anonymous_3)
FNDA:24,markCommand
FNDA:1,(anonymous_5)
FNDA:8,(anonymous_6)
FNDA:5,(anonymous_7)
FNDA:3,(anonymous_8)
FNDA:8,(anonymous_9)
FNDA:8,(anonymous_10)
FNDA:4,(anonymous_11)
FNDA:4,(anonymous_12)
FNDA:0,(anonymous_13)
FNDA:0,(anonymous_14)
FNDA:3,(anonymous_15)
FNDA:19,(anonymous_16)
FNDA:12,(anonymous_17)
FNDA:0,(anonymous_18)
FNDA:0,(anonymous_19)
FNDA:0,(anonymous_20)
FNDA:0,(anonymous_21)
FNDA:2,(anonymous_22)
FNDA:1,(anonymous_23)
FNDA:0,(anonymous_24)
FNDA:1,(anonymous_25)
FNDA:46,(anonymous_26)
FNDA:12,(anonymous_27)
FNDA:1,(anonymous_28)
FNDA:0,(anonymous_29)
FNDA:1,(anonymous_30)
FNDA:1,(anonymous_31)
FNDA:0,(anonymous_32)
FNDA:0,(anonymous_33)
DA:5,8
DA:6,104
DA:7,12
DA:8,12
DA:9,7
DA:10,7
DA:13,12
DA:15,12
DA:17,0
DA:18,0
DA:20,12
DA:22,12
DA:26,24
DA:28,1
DA:29,1
DA:30,0
DA:33,1
DA:34,1
DA:35,1
DA:36,1
DA:37,1
DA:38,1
DA:39,1
DA:40,1
DA:42,0
DA:43,0
DA:44,0
DA:45,0
DA:46,0
DA:48,1
DA:49,1
DA:50,1
DA:52,1
DA:53,1
DA:59,8
DA:60,8
DA:61,8
DA:62,8
DA:64,8
DA:65,8
DA:66,8
DA:67,8
DA:68,1
DA:69,3
DA:70,3
DA:71,2
DA:72,2
DA:76,8
DA:79,8
DA:80,8
DA:81,8
DA:82,8
DA:83,8
DA:87,8
DA:88,4
DA:89,4
DA:90,4
DA:91,4
DA:92,4
DA:95,8
DA:96,0
DA:97,0
DA:98,0
DA:99,0
DA:100,0
DA:101,0
DA:102,0
DA:103,0
DA:104,0
DA:105,0
DA:106,0
DA:111,8
DA:112,3
DA:113,3
DA:114,3
DA:115,0
DA:116,0
DA:117,0
DA:119,3
DA:120,0
DA:121,0
DA:122,0
DA:123,0
DA:125,3
DA:126,1
DA:127,1
DA:128,1
DA:129,1
DA:131,2
DA:132,2
DA:135,8
DA:136,8
DA:139,19
DA:140,19
DA:141,19
DA:142,19
DA:143,19
DA:144,19
DA:145,19
DA:149,12
DA:150,0
DA:152,12
DA:153,12
DA:154,12
DA:156,0
DA:157,0
DA:158,0
DA:162,0
DA:163,0
DA:164,0
DA:167,0
DA:168,0
DA:169,0
DA:172,0
DA:173,0
DA:174,0
DA:175,0
DA:176,0
DA:179,0
DA:180,0
DA:181,0
DA:183,0
DA:187,2
DA:188,2
DA:189,2
DA:190,2
DA:191,2
DA:192,2
DA:193,2
DA:194,2
DA:195,2
DA:196,1
DA:197,1
DA:198,1
DA:199,1
DA:200,1
DA:201,1
DA:202,1
DA:203,1
DA:204,0
DA:206,0
DA:208,0
DA:210,1
DA:211,1
DA:212,1
DA:213,1
DA:214,1
DA:215,1
DA:216,1
DA:218,1
DA:219,1
DA:220,1
DA:223,46
DA:224,12
DA:227,1
DA:228,1
DA:229,1
DA:233,1
DA:234,1
DA:235,3
DA:236,3
DA:237,3
DA:238,2
DA:239,1
DA:240,1
DA:241,1
DA:242,0
DA:243,0
DA:244,0
DA:245,0
DA:246,2
DA:248,1
DA:250,0
LF:173
LH:120
BRDA:7,0,0,0
BRDA:7,0,1,12
BRDA:7,1,0,12
BRDA:7,1,1,12
BRDA:8,2,0,7
BRDA:8,2,1,5
BRDA:8,3,0,12
BRDA:8,3,1,7
BRDA:15,4,0,12
BRDA:15,4,1,0
BRDA:29,5,0,0
BRDA:29,5,1,1
BRDA:29,6,0,1
BRDA:29,6,1,0
BRDA:34,7,0,0
BRDA:34,7,1,1
BRDA:34,8,0,1
BRDA:34,8,1,1
BRDA:34,8,2,1
BRDA:37,9,0,2
BRDA:37,9,1,2
BRDA:39,10,0,2
BRDA:39,10,1,2
BRDA:40,11,0,0
BRDA:40,11,1,1
BRDA:40,12,0,1
BRDA:40,12,1,1
BRDA:40,12,2,1
BRDA:40,12,3,1
BRDA:59,13,0,8
BRDA:59,13,1,0
BRDA:65,14,0,8
BRDA:65,14,1,7
BRDA:66,15,0,8
BRDA:66,15,1,7
BRDA:67,16,0,1
BRDA:67,16,1,7
BRDA:70,17,0,2
BRDA:70,17,1,1
BRDA:72,18,0,2
BRDA:72,18,1,0
BRDA:97,19,0,0
BRDA:97,19,1,0
BRDA:98,20,0,0
BRDA:98,20,1,0
BRDA:100,21,0,0
BRDA:100,21,1,0
BRDA:105,22,0,0
BRDA:105,22,1,0
BRDA:112,23,0,3
BRDA:112,23,1,3
BRDA:114,24,0,0
BRDA:114,24,1,3
BRDA:114,25,0,3
BRDA:114,25,1,1
BRDA:116,26,0,0
BRDA:116,26,1,0
BRDA:119,27,0,0
BRDA:119,27,1,3
BRDA:119,28,0,3
BRDA:119,28,1,1
BRDA:119,28,2,1
BRDA:119,28,3,1
BRDA:125,29,0,1
BRDA:125,29,1,2
BRDA:125,30,0,3
BRDA:125,30,1,1
BRDA:125,30,2,1
BRDA:131,31,0,2
BRDA:131,31,1,0
BRDA:132,32,0,2
BRDA:132,32,1,0
BRDA:135,33,0,8
BRDA:135,33,1,8
BRDA:138,34,0,12
BRDA:144,35,0,0
BRDA:144,35,1,19
BRDA:145,36,0,4
BRDA:145,36,1,15
BRDA:149,37,0,0
BRDA:149,37,1,12
BRDA:154,38,0,0
BRDA:154,38,1,12
BRDA:162,39,0,0
BRDA:162,39,1,0
BRDA:167,40,0,0
BRDA:167,40,1,0
BRDA:173,41,0,0
BRDA:173,41,1,0
BRDA:179,42,0,0
BRDA:179,42,1,0
BRDA:179,43,0,0
BRDA:179,43,1,0
BRDA:188,44,0,0
BRDA:188,44,1,2
BRDA:188,45,0,2
BRDA:188,45,1,2
BRDA:190,46,0,4
BRDA:190,46,1,4
BRDA:190,46,2,4
BRDA:191,47,0,2
BRDA:191,47,1,2
BRDA:191,47,2,2
BRDA:191,47,3,0
BRDA:192,48,0,0
BRDA:192,48,1,2
BRDA:192,49,0,2
BRDA:192,49,1,2
BRDA:195,50,0,1
BRDA:195,50,1,1
BRDA:196,51,0,1
BRDA:196,51,1,0
BRDA:196,52,0,1
BRDA:196,52,1,1
BRDA:196,52,2,1
BRDA:198,53,0,1
BRDA:198,53,1,0
BRDA:201,54,0,1
BRDA:201,54,1,0
BRDA:204,55,0,0
BRDA:204,55,1,0
BRDA:211,56,0,0
BRDA:211,56,1,1
BRDA:213,57,0,0
BRDA:213,57,1,0
BRDA:213,57,2,0
BRDA:214,58,0,1
BRDA:214,58,1,0
BRDA:237,59,0,1
BRDA:237,59,1,2
BRDA:238,60,0,1
BRDA:238,60,1,1
BRDA:239,61,0,1
BRDA:239,61,1,0
BRDA:242,62,0,0
BRDA:242,62,1,0
BRDA:250,63,0,0
BRDA:250,63,1,0
BRF:138
BRH:85
end_of_record
TN:
SF:src\EdNotes.RichText\wwwroot\editor\core\Normalizer.js
FN:3,normalize
FN:11,(anonymous_1)
FN:28,(anonymous_2)
FN:32,(anonymous_3)
FN:35,(anonymous_4)
FN:38,(anonymous_5)
FN:44,(anonymous_6)
FN:46,(anonymous_7)
FNF:8
FNH:7
FNDA:21,normalize
FNDA:3,(anonymous_1)
FNDA:1,(anonymous_2)
FNDA:2,(anonymous_3)
FNDA:0,(anonymous_4)
FNDA:6,(anonymous_5)
FNDA:1,(anonymous_6)
FNDA:1,(anonymous_7)
DA:4,21
DA:5,21
DA:6,21
DA:7,42
DA:8,42
DA:9,42
DA:11,42
DA:12,42
DA:13,1
DA:14,1
DA:16,1
DA:17,1
DA:20,41
DA:21,10
DA:22,10
DA:24,41
DA:25,41
DA:26,41
DA:27,41
DA:28,1
DA:30,41
DA:32,2
DA:33,1
DA:34,0
DA:35,0
DA:38,1
DA:39,6
DA:40,6
DA:44,21
DA:46,21
LF:30
LH:28
BRDA:9,0,0,0
BRDA:9,0,1,42
BRDA:9,1,0,42
BRDA:9,1,1,42
BRDA:11,2,0,42
BRDA:11,2,1,42
BRDA:12,3,0,1
BRDA:12,3,1,41
BRDA:13,4,0,1
BRDA:13,4,1,0
BRDA:22,5,0,0
BRDA:22,5,1,10
BRDA:22,6,0,10
BRDA:22,6,1,10
BRDA:24,7,0,0
BRDA:24,7,1,41
BRDA:24,8,0,41
BRDA:24,8,1,41
BRDA:25,9,0,0
BRDA:25,9,1,41
BRDA:25,10,0,41
BRDA:25,10,1,2
BRDA:25,10,2,2
BRDA:26,11,0,4
BRDA:26,11,1,37
BRDA:27,12,0,1
BRDA:27,12,1,40
BRDA:27,13,0,41
BRDA:27,13,1,5
BRDA:28,14,0,0
BRDA:28,14,1,1
BRDA:30,15,0,1
BRDA:30,15,1,40
BRDA:32,16,0,2
BRDA:32,16,1,2
BRDA:33,17,0,0
BRDA:33,17,1,1
BRDA:34,18,0,0
BRDA:34,18,1,0
BRDA:40,19,0,0
BRDA:40,19,1,6
BRDA:46,20,0,21
BRDA:46,20,1,21
BRF:43
BRH:33
end_of_record
TN:
SF:src\EdNotes.RichText\wwwroot\editor\core\Schema.js
FN:7,isAllowedTag
FN:9,enforceLinkPolicy
FNF:2
FNH:2
FNDA:42,isAllowedTag
FNDA:5,enforceLinkPolicy
DA:2,8
DA:3,8
DA:4,8
DA:5,8
DA:7,42
DA:10,5
DA:11,5
DA:13,5
DA:14,5
DA:16,5
DA:18,5
DA:19,3
DA:20,3
DA:21,3
DA:22,3
LF:15
LH:15
BRDA:7,0,0,42
BRDA:7,0,1,6
BRDA:10,1,0,0
BRDA:10,1,1,5
BRDA:18,2,0,2
BRDA:18,2,1,3
BRDA:19,3,0,0
BRDA:19,3,1,3
BRDA:20,4,0,0
BRDA:20,4,1,3
BRF:10
BRH:7
end_of_record
TN:
SF:src\EdNotes.RichText\wwwroot\editor\core\Selection.js
FN:2,captureBookmark
FN:9,restoreBookmark
FN:20,pathTo
FN:25,nodeFromPath
FNF:4
FNH:4
FNDA:19,captureBookmark
FNDA:19,restoreBookmark
FNDA:22,pathTo
FNDA:22,nodeFromPath
DA:3,19
DA:4,19
DA:5,11
DA:6,11
DA:10,19
DA:11,11
DA:12,11
DA:13,11
DA:14,11
DA:15,10
DA:16,10
DA:17,10
DA:21,22
DA:22,41
DA:23,22
DA:25,41
LF:16
LH:16
BRDA:4,0,0,8
BRDA:4,0,1,11
BRDA:4,1,0,19
BRDA:4,1,1,19
BRDA:10,2,0,8
BRDA:10,2,1,11
BRDA:11,3,0,0
BRDA:11,3,1,11
BRDA:14,4,0,1
BRDA:14,4,1,10
BRDA:14,5,0,11
BRDA:14,5,1,10
BRDA:22,6,0,63
BRDA:22,6,1,63
BRDA:22,7,0,0
BRDA:22,7,1,41
BRDA:25,8,0,0
BRDA:25,8,1,22
BRDA:25,9,0,2
BRDA:25,9,1,39
BRDA:25,10,0,20
BRDA:25,10,1,0
BRDA:25,11,0,20
BRDA:25,11,1,20
BRDA:25,12,0,9
BRDA:25,12,1,11
BRF:26
BRH:22
end_of_record
